Using pre-set license
Built from '2021.3/staging' branch; Version is '2021.3.20f1 (577897200b8b) revision 5732503'; Using compiler version '192829333'; Build Type 'Release'
OS: 'Windows 10  (10.0.19044) 64bit Core' Language: 'uk' Physical Memory: 15741 MB
BatchMode: 1, IsHumanControllingUs: 0, StartBugReporterOnCrash: 0, Is64bit: 1, IsPro: 1

COMMAND LINE ARGUMENTS:
C:\Program Files\Unity\Hub\Editor\2021.3.20f1\Editor\Unity.exe
-adb2
-batchMode
-noUpm
-name
AssetImportWorker0
-projectPath
C:/Users/Vlady/OneDrive/Документы/GitHub/Uniti_lb/Unity_ld_3.1/My project
-logFile
Logs/AssetImportWorker0.log
-srvPort
61070
Successfully changed project path to: C:/Users/Vlady/OneDrive/Документы/GitHub/Uniti_lb/Unity_ld_3.1/My project
C:/Users/Vlady/OneDrive/Документы/GitHub/Uniti_lb/Unity_ld_3.1/My project
[UnityMemory] Configuration Parameters - Can be set up in boot.config
    "memorysetup-bucket-allocator-granularity=16"
    "memorysetup-bucket-allocator-bucket-count=8"
    "memorysetup-bucket-allocator-block-size=33554432"
    "memorysetup-bucket-allocator-block-count=8"
    "memorysetup-main-allocator-block-size=16777216"
    "memorysetup-thread-allocator-block-size=16777216"
    "memorysetup-gfx-main-allocator-block-size=16777216"
    "memorysetup-gfx-thread-allocator-block-size=16777216"
    "memorysetup-cache-allocator-block-size=4194304"
    "memorysetup-typetree-allocator-block-size=2097152"
    "memorysetup-profiler-bucket-allocator-granularity=16"
    "memorysetup-profiler-bucket-allocator-bucket-count=8"
    "memorysetup-profiler-bucket-allocator-block-size=33554432"
    "memorysetup-profiler-bucket-allocator-block-count=8"
    "memorysetup-profiler-allocator-block-size=16777216"
    "memorysetup-profiler-editor-allocator-block-size=1048576"
    "memorysetup-temp-allocator-size-main=16777216"
    "memorysetup-job-temp-allocator-block-size=2097152"
    "memorysetup-job-temp-allocator-block-size-background=1048576"
    "memorysetup-job-temp-allocator-reduction-small-platforms=262144"
    "memorysetup-temp-allocator-size-background-worker=32768"
    "memorysetup-temp-allocator-size-job-worker=262144"
    "memorysetup-temp-allocator-size-preload-manager=33554432"
    "memorysetup-temp-allocator-size-nav-mesh-worker=65536"
    "memorysetup-temp-allocator-size-audio-worker=65536"
    "memorysetup-temp-allocator-size-cloud-worker=32768"
    "memorysetup-temp-allocator-size-gi-baking-worker=262144"
    "memorysetup-temp-allocator-size-gfx=262144"
Player connection [94288] Host "[IP] 192.168.56.1 [Port] 0 [Flags] 2 [Guid] 2028504868 [EditorId] 2028504868 [Version] 1048832 [Id] WindowsEditor(7,DESKTOP-E7NFHNV) [Debug] 1 [PackageName] WindowsEditor [ProjectName] Editor" joined multi-casting on [225.0.0.222:54997]...

Player connection [94288] Host "[IP] 192.168.56.1 [Port] 0 [Flags] 2 [Guid] 2028504868 [EditorId] 2028504868 [Version] 1048832 [Id] WindowsEditor(7,DESKTOP-E7NFHNV) [Debug] 1 [PackageName] WindowsEditor [ProjectName] Editor" joined alternative multi-casting on [225.0.0.222:34997]...

Refreshing native plugins compatible for Editor in 112.28 ms, found 3 plugins.
Preloading 0 native plugins for Editor in 0.00 ms.
Initialize engine version: 2021.3.20f1 (577897200b8b)
[Subsystems] Discovering subsystems at path C:/Program Files/Unity/Hub/Editor/2021.3.20f1/Editor/Data/Resources/UnitySubsystems
[Subsystems] Discovering subsystems at path C:/Users/Vlady/OneDrive/Документы/GitHub/Uniti_lb/Unity_ld_3.1/My project/Assets
GfxDevice: creating device client; threaded=0; jobified=0
Direct3D:
    Version:  Direct3D 11.0 [level 11.1]
    Renderer: NVIDIA GeForce GTX 1650 Ti (ID=0x1f95)
    Vendor:   NVIDIA
    VRAM:     3962 MB
    Driver:   31.0.15.1659
Initialize mono
Mono path[0] = 'C:/Program Files/Unity/Hub/Editor/2021.3.20f1/Editor/Data/Managed'
Mono path[1] = 'C:/Program Files/Unity/Hub/Editor/2021.3.20f1/Editor/Data/MonoBleedingEdge/lib/mono/unityjit-win32'
Mono config path = 'C:/Program Files/Unity/Hub/Editor/2021.3.20f1/Editor/Data/MonoBleedingEdge/etc'
Using monoOptions --debugger-agent=transport=dt_socket,embedding=1,server=y,suspend=n,address=127.0.0.1:56264
Begin MonoManager ReloadAssembly
Registering precompiled unity dll's ...
Register platform support module: C:/Program Files/Unity/Hub/Editor/2021.3.20f1/Editor/Data/PlaybackEngines/WebGLSupport/UnityEditor.WebGL.Extensions.dll
Register platform support module: C:/Program Files/Unity/Hub/Editor/2021.3.20f1/Editor/Data/PlaybackEngines/AndroidPlayer/UnityEditor.Android.Extensions.dll
Register platform support module: C:/Program Files/Unity/Hub/Editor/2021.3.20f1/Editor/Data/PlaybackEngines/WindowsStandaloneSupport/UnityEditor.WindowsStandalone.Extensions.dll
Registered in 0.010830 seconds.
Native extension for WindowsStandalone target not found
Native extension for Android target not found
Android Extension - Scanning For ADB Devices 297 ms
Native extension for WebGL target not found
Refreshing native plugins compatible for Editor in 76.70 ms, found 3 plugins.
Preloading 0 native plugins for Editor in 0.00 ms.
Mono: successfully reloaded assembly
- Completed reload, in  1.049 seconds
Domain Reload Profiling:
	ReloadAssembly (1050ms)
		BeginReloadAssembly (111ms)
			ExecutionOrderSort (0ms)
			DisableScriptedObjects (0ms)
			BackupInstance (0ms)
			ReleaseScriptingObjects (0ms)
			CreateAndSetChildDomain (1ms)
		EndReloadAssembly (826ms)
			LoadAssemblies (109ms)
			RebuildTransferFunctionScriptingTraits (0ms)
			SetupTypeCache (122ms)
			ReleaseScriptCaches (0ms)
			RebuildScriptCaches (30ms)
			SetupLoadedEditorAssemblies (621ms)
				LogAssemblyErrors (0ms)
				InitializePlatformSupportModulesInManaged (389ms)
				SetLoadedEditorAssemblies (0ms)
				RefreshPlugins (77ms)
				BeforeProcessingInitializeOnLoad (2ms)
				ProcessInitializeOnLoadAttributes (96ms)
				ProcessInitializeOnLoadMethodAttributes (57ms)
				AfterProcessingInitializeOnLoad (0ms)
				EditorAssembliesLoaded (0ms)
			ExecutionOrderSort2 (0ms)
			AwakeInstancesAfterBackupRestoration (0ms)
Platform modules already initialized, skipping
Registering precompiled user dll's ...
Registered in 0.008258 seconds.
Begin MonoManager ReloadAssembly
Symbol file LoadedFromMemory doesn't match image C:\Users\Vlady\OneDrive\Документы\GitHub\Uniti_lb\Unity_ld_3.1\My project\Library\PackageCache\com.unity.visualscripting@1.8.0\Editor\VisualScripting.Core\Dependencies\YamlDotNet\Unity.VisualScripting.YamlDotNet.dll
Symbol file LoadedFromMemory doesn't match image C:\Users\Vlady\OneDrive\Документы\GitHub\Uniti_lb\Unity_ld_3.1\My project\Library\PackageCache\com.unity.visualscripting@1.8.0\Editor\VisualScripting.Core\Dependencies\DotNetZip\Unity.VisualScripting.IonicZip.dll
Native extension for WindowsStandalone target not found
Native extension for Android target not found
Native extension for WebGL target not found
Refreshing native plugins compatible for Editor in 0.64 ms, found 3 plugins.
Preloading 0 native plugins for Editor in 0.00 ms.
Mono: successfully reloaded assembly
- Completed reload, in  1.114 seconds
Domain Reload Profiling:
	ReloadAssembly (1114ms)
		BeginReloadAssembly (135ms)
			ExecutionOrderSort (0ms)
			DisableScriptedObjects (5ms)
			BackupInstance (0ms)
			ReleaseScriptingObjects (0ms)
			CreateAndSetChildDomain (21ms)
		EndReloadAssembly (845ms)
			LoadAssemblies (99ms)
			RebuildTransferFunctionScriptingTraits (0ms)
			SetupTypeCache (261ms)
			ReleaseScriptCaches (1ms)
			RebuildScriptCaches (51ms)
			SetupLoadedEditorAssemblies (393ms)
				LogAssemblyErrors (0ms)
				InitializePlatformSupportModulesInManaged (19ms)
				SetLoadedEditorAssemblies (0ms)
				RefreshPlugins (1ms)
				BeforeProcessingInitializeOnLoad (86ms)
				ProcessInitializeOnLoadAttributes (259ms)
				ProcessInitializeOnLoadMethodAttributes (20ms)
				AfterProcessingInitializeOnLoad (8ms)
				EditorAssembliesLoaded (0ms)
			ExecutionOrderSort2 (0ms)
			AwakeInstancesAfterBackupRestoration (5ms)
Platform modules already initialized, skipping
========================================================================
Worker process is ready to serve import requests
Launched and connected shader compiler UnityShaderCompiler.exe after 0.04 seconds
Refreshing native plugins compatible for Editor in 0.75 ms, found 3 plugins.
Preloading 0 native plugins for Editor in 0.00 ms.
Unloading 3085 Unused Serialized files (Serialized files now loaded: 0)
Unloading 35 unused Assets / (113.6 KB). Loaded Objects now: 3537.
Memory consumption went from 109.9 MB to 109.8 MB.
Total: 3.336300 ms (FindLiveObjects: 0.294200 ms CreateObjectMapping: 0.092300 ms MarkObjects: 2.830300 ms  DeleteObjects: 0.117600 ms)

AssetImportParameters requested are different than current active one (requested -> active):
  custom:video-decoder-ogg-theora: a1e56fd34408186e4bbccfd4996cb3dc -> 
  custom:container-muxer-webm: aa71ff27fc2769a1b78a27578f13a17b -> 
  custom:container-demuxer-webm: 4f35f7cbe854078d1ac9338744f61a02 -> 
  custom:video-encoder-webm-vp8: eb34c28f22e8b96e1ab97ce403110664 -> 
  custom:audio-encoder-webm-vorbis: bf7c407c2cedff20999df2af8eb42d56 -> 
  custom:framework-win-MediaFoundation: 216162199b28c13a410421893ffa2e32 -> 
  custom:container-demuxer-ogg: 62fdf1f143b41e24485cea50d1cbac27 -> 
  custom:video-decoder-webm-vp8: 9c59270c3fd7afecdb556c50c9e8de78 -> 
  custom:audio-decoder-ogg-vorbis: bf7c407c2cedff20999df2af8eb42d56 -> 
========================================================================
Received Prepare
Registering precompiled user dll's ...
Registered in 0.009808 seconds.
Begin MonoManager ReloadAssembly
Symbol file LoadedFromMemory doesn't match image C:\Users\Vlady\OneDrive\Документы\GitHub\Uniti_lb\Unity_ld_3.1\My project\Library\PackageCache\com.unity.visualscripting@1.8.0\Editor\VisualScripting.Core\Dependencies\YamlDotNet\Unity.VisualScripting.YamlDotNet.dll
Symbol file LoadedFromMemory doesn't match image C:\Users\Vlady\OneDrive\Документы\GitHub\Uniti_lb\Unity_ld_3.1\My project\Library\PackageCache\com.unity.visualscripting@1.8.0\Editor\VisualScripting.Core\Dependencies\DotNetZip\Unity.VisualScripting.IonicZip.dll
Native extension for WindowsStandalone target not found
Native extension for Android target not found
Native extension for WebGL target not found
Refreshing native plugins compatible for Editor in 0.61 ms, found 3 plugins.
Preloading 0 native plugins for Editor in 0.00 ms.
Mono: successfully reloaded assembly
- Completed reload, in  1.013 seconds
Domain Reload Profiling:
	ReloadAssembly (1014ms)
		BeginReloadAssembly (146ms)
			ExecutionOrderSort (0ms)
			DisableScriptedObjects (5ms)
			BackupInstance (0ms)
			ReleaseScriptingObjects (0ms)
			CreateAndSetChildDomain (41ms)
		EndReloadAssembly (770ms)
			LoadAssemblies (88ms)
			RebuildTransferFunctionScriptingTraits (0ms)
			SetupTypeCache (238ms)
			ReleaseScriptCaches (1ms)
			RebuildScriptCaches (38ms)
			SetupLoadedEditorAssemblies (363ms)
				LogAssemblyErrors (0ms)
				InitializePlatformSupportModulesInManaged (19ms)
				SetLoadedEditorAssemblies (0ms)
				RefreshPlugins (1ms)
				BeforeProcessingInitializeOnLoad (77ms)
				ProcessInitializeOnLoadAttributes (242ms)
				ProcessInitializeOnLoadMethodAttributes (16ms)
				AfterProcessingInitializeOnLoad (7ms)
				EditorAssembliesLoaded (0ms)
			ExecutionOrderSort2 (0ms)
			AwakeInstancesAfterBackupRestoration (5ms)
Platform modules already initialized, skipping
Refreshing native plugins compatible for Editor in 2.64 ms, found 3 plugins.
Preloading 0 native plugins for Editor in 0.00 ms.
Unloading 3080 Unused Serialized files (Serialized files now loaded: 0)
Unloading 27 unused Assets / (80.2 KB). Loaded Objects now: 3540.
Memory consumption went from 109.8 MB to 109.7 MB.
Total: 3.251900 ms (FindLiveObjects: 0.281100 ms CreateObjectMapping: 0.081200 ms MarkObjects: 2.775000 ms  DeleteObjects: 0.113300 ms)

AssetImportParameters requested are different than current active one (requested -> active):
  custom:video-decoder-ogg-theora: a1e56fd34408186e4bbccfd4996cb3dc -> 
  custom:container-muxer-webm: aa71ff27fc2769a1b78a27578f13a17b -> 
  custom:container-demuxer-webm: 4f35f7cbe854078d1ac9338744f61a02 -> 
  custom:video-encoder-webm-vp8: eb34c28f22e8b96e1ab97ce403110664 -> 
  custom:audio-encoder-webm-vorbis: bf7c407c2cedff20999df2af8eb42d56 -> 
  custom:framework-win-MediaFoundation: 216162199b28c13a410421893ffa2e32 -> 
  custom:container-demuxer-ogg: 62fdf1f143b41e24485cea50d1cbac27 -> 
  custom:video-decoder-webm-vp8: 9c59270c3fd7afecdb556c50c9e8de78 -> 
  custom:audio-decoder-ogg-vorbis: bf7c407c2cedff20999df2af8eb42d56 -> 
========================================================================
Received Import Request.
  Time since last request: 1173903.035125 seconds.
  path: Assets/Scripts/SpawnManager.cs
  artifactKey: Guid(e9ed1f3904ea38742a99c3c89213435f) Importer(815301076,1909f56bfc062723c751e8b465ee728b)
Start importing Assets/Scripts/SpawnManager.cs using Guid(e9ed1f3904ea38742a99c3c89213435f) Importer(815301076,1909f56bfc062723c751e8b465ee728b)  -> (artifact id: 'e2353c03b5741d52dde135f1ab4b5da8') in 0.061053 seconds 
========================================================================
Received Import Request.
  Time since last request: 312.226294 seconds.
  path: Assets/Scripts/SpawnManager.cs
  artifactKey: Guid(e9ed1f3904ea38742a99c3c89213435f) Importer(815301076,1909f56bfc062723c751e8b465ee728b)
Start importing Assets/Scripts/SpawnManager.cs using Guid(e9ed1f3904ea38742a99c3c89213435f) Importer(815301076,1909f56bfc062723c751e8b465ee728b)  -> (artifact id: '0ebe652f5e73c387da1fcd26d6badb8e') in 0.002993 seconds 
========================================================================
Received Prepare
Registering precompiled user dll's ...
Registered in 0.007716 seconds.
Begin MonoManager ReloadAssembly
Symbol file LoadedFromMemory doesn't match image C:\Users\Vlady\OneDrive\Документы\GitHub\Uniti_lb\Unity_ld_3.1\My project\Library\PackageCache\com.unity.visualscripting@1.8.0\Editor\VisualScripting.Core\Dependencies\YamlDotNet\Unity.VisualScripting.YamlDotNet.dll
Symbol file LoadedFromMemory doesn't match image C:\Users\Vlady\OneDrive\Документы\GitHub\Uniti_lb\Unity_ld_3.1\My project\Library\PackageCache\com.unity.visualscripting@1.8.0\Editor\VisualScripting.Core\Dependencies\DotNetZip\Unity.VisualScripting.IonicZip.dll
Native extension for WindowsStandalone target not found
Native extension for Android target not found
Native extension for WebGL target not found
Refreshing native plugins compatible for Editor in 0.65 ms, found 3 plugins.
Preloading 0 native plugins for Editor in 0.00 ms.
Mono: successfully reloaded assembly
- Completed reload, in  1.015 seconds
Domain Reload Profiling:
	ReloadAssembly (1016ms)
		BeginReloadAssembly (138ms)
			ExecutionOrderSort (0ms)
			DisableScriptedObjects (5ms)
			BackupInstance (0ms)
			ReleaseScriptingObjects (0ms)
			CreateAndSetChildDomain (35ms)
		EndReloadAssembly (783ms)
			LoadAssemblies (96ms)
			RebuildTransferFunctionScriptingTraits (0ms)
			SetupTypeCache (252ms)
			ReleaseScriptCaches (1ms)
			RebuildScriptCaches (39ms)
			SetupLoadedEditorAssemblies (352ms)
				LogAssemblyErrors (0ms)
				InitializePlatformSupportModulesInManaged (20ms)
				SetLoadedEditorAssemblies (1ms)
				RefreshPlugins (1ms)
				BeforeProcessingInitializeOnLoad (73ms)
				ProcessInitializeOnLoadAttributes (233ms)
				ProcessInitializeOnLoadMethodAttributes (16ms)
				AfterProcessingInitializeOnLoad (8ms)
				EditorAssembliesLoaded (0ms)
			ExecutionOrderSort2 (0ms)
			AwakeInstancesAfterBackupRestoration (5ms)
Platform modules already initialized, skipping
Refreshing native plugins compatible for Editor in 2.33 ms, found 3 plugins.
Preloading 0 native plugins for Editor in 0.00 ms.
Unloading 3080 Unused Serialized files (Serialized files now loaded: 0)
Unloading 27 unused Assets / (80.1 KB). Loaded Objects now: 3543.
Memory consumption went from 109.8 MB to 109.7 MB.
Total: 2.983100 ms (FindLiveObjects: 0.269200 ms CreateObjectMapping: 0.077200 ms MarkObjects: 2.510900 ms  DeleteObjects: 0.124400 ms)

AssetImportParameters requested are different than current active one (requested -> active):
  custom:video-decoder-ogg-theora: a1e56fd34408186e4bbccfd4996cb3dc -> 
  custom:container-muxer-webm: aa71ff27fc2769a1b78a27578f13a17b -> 
  custom:container-demuxer-webm: 4f35f7cbe854078d1ac9338744f61a02 -> 
  custom:video-encoder-webm-vp8: eb34c28f22e8b96e1ab97ce403110664 -> 
  custom:audio-encoder-webm-vorbis: bf7c407c2cedff20999df2af8eb42d56 -> 
  custom:framework-win-MediaFoundation: 216162199b28c13a410421893ffa2e32 -> 
  custom:container-demuxer-ogg: 62fdf1f143b41e24485cea50d1cbac27 -> 
  custom:video-decoder-webm-vp8: 9c59270c3fd7afecdb556c50c9e8de78 -> 
  custom:audio-decoder-ogg-vorbis: bf7c407c2cedff20999df2af8eb42d56 -> 
========================================================================
Received Prepare
Registering precompiled user dll's ...
Registered in 0.007270 seconds.
Begin MonoManager ReloadAssembly
Symbol file LoadedFromMemory doesn't match image C:\Users\Vlady\OneDrive\Документы\GitHub\Uniti_lb\Unity_ld_3.1\My project\Library\PackageCache\com.unity.visualscripting@1.8.0\Editor\VisualScripting.Core\Dependencies\YamlDotNet\Unity.VisualScripting.YamlDotNet.dll
Symbol file LoadedFromMemory doesn't match image C:\Users\Vlady\OneDrive\Документы\GitHub\Uniti_lb\Unity_ld_3.1\My project\Library\PackageCache\com.unity.visualscripting@1.8.0\Editor\VisualScripting.Core\Dependencies\DotNetZip\Unity.VisualScripting.IonicZip.dll
Native extension for WindowsStandalone target not found
Native extension for Android target not found
Native extension for WebGL target not found
Refreshing native plugins compatible for Editor in 0.63 ms, found 3 plugins.
Preloading 0 native plugins for Editor in 0.00 ms.
Mono: successfully reloaded assembly
- Completed reload, in  0.992 seconds
Domain Reload Profiling:
	ReloadAssembly (993ms)
		BeginReloadAssembly (144ms)
			ExecutionOrderSort (0ms)
			DisableScriptedObjects (5ms)
			BackupInstance (0ms)
			ReleaseScriptingObjects (0ms)
			CreateAndSetChildDomain (35ms)
		EndReloadAssembly (753ms)
			LoadAssemblies (95ms)
			RebuildTransferFunctionScriptingTraits (0ms)
			SetupTypeCache (242ms)
			ReleaseScriptCaches (1ms)
			RebuildScriptCaches (36ms)
			SetupLoadedEditorAssemblies (337ms)
				LogAssemblyErrors (0ms)
				InitializePlatformSupportModulesInManaged (19ms)
				SetLoadedEditorAssemblies (0ms)
				RefreshPlugins (1ms)
				BeforeProcessingInitializeOnLoad (68ms)
				ProcessInitializeOnLoadAttributes (226ms)
				ProcessInitializeOnLoadMethodAttributes (16ms)
				AfterProcessingInitializeOnLoad (7ms)
				EditorAssembliesLoaded (0ms)
			ExecutionOrderSort2 (0ms)
			AwakeInstancesAfterBackupRestoration (5ms)
Platform modules already initialized, skipping
Refreshing native plugins compatible for Editor in 3.30 ms, found 3 plugins.
Preloading 0 native plugins for Editor in 0.00 ms.
Unloading 3080 Unused Serialized files (Serialized files now loaded: 0)
Unloading 27 unused Assets / (80.2 KB). Loaded Objects now: 3546.
Memory consumption went from 109.8 MB to 109.7 MB.
Total: 3.295700 ms (FindLiveObjects: 0.339200 ms CreateObjectMapping: 0.095300 ms MarkObjects: 2.755700 ms  DeleteObjects: 0.104100 ms)

AssetImportParameters requested are different than current active one (requested -> active):
  custom:video-decoder-ogg-theora: a1e56fd34408186e4bbccfd4996cb3dc -> 
  custom:container-muxer-webm: aa71ff27fc2769a1b78a27578f13a17b -> 
  custom:container-demuxer-webm: 4f35f7cbe854078d1ac9338744f61a02 -> 
  custom:video-encoder-webm-vp8: eb34c28f22e8b96e1ab97ce403110664 -> 
  custom:audio-encoder-webm-vorbis: bf7c407c2cedff20999df2af8eb42d56 -> 
  custom:framework-win-MediaFoundation: 216162199b28c13a410421893ffa2e32 -> 
  custom:container-demuxer-ogg: 62fdf1f143b41e24485cea50d1cbac27 -> 
  custom:video-decoder-webm-vp8: 9c59270c3fd7afecdb556c50c9e8de78 -> 
  custom:audio-decoder-ogg-vorbis: bf7c407c2cedff20999df2af8eb42d56 -> 
========================================================================
Received Import Request.
  Time since last request: 496.493265 seconds.
  path: Assets/Prefabs/Kura 3.prefab
  artifactKey: Guid(cd12d30bdc2ee1b4bbdcefa5f6f432a7) Importer(815301076,1909f56bfc062723c751e8b465ee728b)
Start importing Assets/Prefabs/Kura 3.prefab using Guid(cd12d30bdc2ee1b4bbdcefa5f6f432a7) Importer(815301076,1909f56bfc062723c751e8b465ee728b)  -> (artifact id: '42d2144e3e0cd4cb0969b0cbcf8c9516') in 0.145389 seconds 
========================================================================
Received Import Request.
  Time since last request: 31.607772 seconds.
  path: Assets/Prefabs/Kura 3.prefab
  artifactKey: Guid(cd12d30bdc2ee1b4bbdcefa5f6f432a7) Importer(815301076,1909f56bfc062723c751e8b465ee728b)
Start importing Assets/Prefabs/Kura 3.prefab using Guid(cd12d30bdc2ee1b4bbdcefa5f6f432a7) Importer(815301076,1909f56bfc062723c751e8b465ee728b)  -> (artifact id: '76aac3cf3646523595554071690fa349') in 0.015469 seconds 
========================================================================
Received Import Request.
  Time since last request: 6.261383 seconds.
  path: Assets/Prefabs/Kura 3.prefab
  artifactKey: Guid(cd12d30bdc2ee1b4bbdcefa5f6f432a7) Importer(815301076,1909f56bfc062723c751e8b465ee728b)
Start importing Assets/Prefabs/Kura 3.prefab using Guid(cd12d30bdc2ee1b4bbdcefa5f6f432a7) Importer(815301076,1909f56bfc062723c751e8b465ee728b)  -> (artifact id: '9cf1eaca882ae4f41aa196f8acc1b55f') in 0.014273 seconds 
========================================================================
Received Import Request.
  Time since last request: 0.981120 seconds.
  path: Assets/Prefabs/Kura 3.prefab
  artifactKey: Guid(cd12d30bdc2ee1b4bbdcefa5f6f432a7) Importer(815301076,1909f56bfc062723c751e8b465ee728b)
Start importing Assets/Prefabs/Kura 3.prefab using Guid(cd12d30bdc2ee1b4bbdcefa5f6f432a7) Importer(815301076,1909f56bfc062723c751e8b465ee728b)  -> (artifact id: 'e6b09c0095c7b973a9986095d7d4c66c') in 0.013824 seconds 
========================================================================
Received Import Request.
  Time since last request: 1.192873 seconds.
  path: Assets/Prefabs/Kura 3.prefab
  artifactKey: Guid(cd12d30bdc2ee1b4bbdcefa5f6f432a7) Importer(815301076,1909f56bfc062723c751e8b465ee728b)
Start importing Assets/Prefabs/Kura 3.prefab using Guid(cd12d30bdc2ee1b4bbdcefa5f6f432a7) Importer(815301076,1909f56bfc062723c751e8b465ee728b)  -> (artifact id: 'a686099ad6a801172d487f81366aaf22') in 0.014761 seconds 
========================================================================
Received Import Request.
  Time since last request: 87.326378 seconds.
  path: Assets/Prefabs/Kura 3.prefab
  artifactKey: Guid(cd12d30bdc2ee1b4bbdcefa5f6f432a7) Importer(815301076,1909f56bfc062723c751e8b465ee728b)
Start importing Assets/Prefabs/Kura 3.prefab using Guid(cd12d30bdc2ee1b4bbdcefa5f6f432a7) Importer(815301076,1909f56bfc062723c751e8b465ee728b)  -> (artifact id: '0c0a04ccde0d3b3b60ba602795581023') in 0.013807 seconds 
========================================================================
Received Import Request.
  Time since last request: 69.400772 seconds.
  path: Assets/Prefabs/Kura 3.prefab
  artifactKey: Guid(cd12d30bdc2ee1b4bbdcefa5f6f432a7) Importer(815301076,1909f56bfc062723c751e8b465ee728b)
Start importing Assets/Prefabs/Kura 3.prefab using Guid(cd12d30bdc2ee1b4bbdcefa5f6f432a7) Importer(815301076,1909f56bfc062723c751e8b465ee728b)  -> (artifact id: '3e0f4a2cfcdc7d4cfd86a868bdd4f35b') in 0.015105 seconds 
========================================================================
Received Import Request.
  Time since last request: 91.298188 seconds.
  path: Assets/Prefabs/Kura.prefab
  artifactKey: Guid(757fce69d824fcd4b8dcdc28ece4e55f) Importer(815301076,1909f56bfc062723c751e8b465ee728b)
Start importing Assets/Prefabs/Kura.prefab using Guid(757fce69d824fcd4b8dcdc28ece4e55f) Importer(815301076,1909f56bfc062723c751e8b465ee728b)  -> (artifact id: '7c72e2a15ca19def189dd6c028040961') in 0.018432 seconds 
========================================================================
Received Import Request.
  Time since last request: 11.250333 seconds.
  path: Assets/Prefabs/Kura.prefab
  artifactKey: Guid(757fce69d824fcd4b8dcdc28ece4e55f) Importer(815301076,1909f56bfc062723c751e8b465ee728b)
Start importing Assets/Prefabs/Kura.prefab using Guid(757fce69d824fcd4b8dcdc28ece4e55f) Importer(815301076,1909f56bfc062723c751e8b465ee728b)  -> (artifact id: 'b9edb6576901143b0fd512d3d9a0bf54') in 0.013978 seconds 
========================================================================
Received Import Request.
  Time since last request: 1.806104 seconds.
  path: Assets/Prefabs/Kura.prefab
  artifactKey: Guid(757fce69d824fcd4b8dcdc28ece4e55f) Importer(815301076,1909f56bfc062723c751e8b465ee728b)
Start importing Assets/Prefabs/Kura.prefab using Guid(757fce69d824fcd4b8dcdc28ece4e55f) Importer(815301076,1909f56bfc062723c751e8b465ee728b)  -> (artifact id: 'ca2392c528a1e53cec53a8db9007d807') in 0.013556 seconds 
========================================================================
Received Import Request.
  Time since last request: 1.791357 seconds.
  path: Assets/Prefabs/Kura.prefab
  artifactKey: Guid(757fce69d824fcd4b8dcdc28ece4e55f) Importer(815301076,1909f56bfc062723c751e8b465ee728b)
Start importing Assets/Prefabs/Kura.prefab using Guid(757fce69d824fcd4b8dcdc28ece4e55f) Importer(815301076,1909f56bfc062723c751e8b465ee728b)  -> (artifact id: '9fae13c97a4d9bf0de8e7bda9c9920f9') in 0.014480 seconds 
========================================================================
Received Import Request.
  Time since last request: 1.596164 seconds.
  path: Assets/Prefabs/Kura.prefab
  artifactKey: Guid(757fce69d824fcd4b8dcdc28ece4e55f) Importer(815301076,1909f56bfc062723c751e8b465ee728b)
Start importing Assets/Prefabs/Kura.prefab using Guid(757fce69d824fcd4b8dcdc28ece4e55f) Importer(815301076,1909f56bfc062723c751e8b465ee728b)  -> (artifact id: '64c7f678bac8ba8701378d85f29bf0d5') in 0.013845 seconds 
========================================================================
Received Import Request.
  Time since last request: 0.981050 seconds.
  path: Assets/Prefabs/Kura.prefab
  artifactKey: Guid(757fce69d824fcd4b8dcdc28ece4e55f) Importer(815301076,1909f56bfc062723c751e8b465ee728b)
Start importing Assets/Prefabs/Kura.prefab using Guid(757fce69d824fcd4b8dcdc28ece4e55f) Importer(815301076,1909f56bfc062723c751e8b465ee728b)  -> (artifact id: 'acd8ca7e757a267820f725292f8eb6d9') in 0.013572 seconds 
========================================================================
Received Import Request.
  Time since last request: 6.644670 seconds.
  path: Assets/Prefabs/Kura.prefab
  artifactKey: Guid(757fce69d824fcd4b8dcdc28ece4e55f) Importer(815301076,1909f56bfc062723c751e8b465ee728b)
Start importing Assets/Prefabs/Kura.prefab using Guid(757fce69d824fcd4b8dcdc28ece4e55f) Importer(815301076,1909f56bfc062723c751e8b465ee728b)  -> (artifact id: 'e8ef862680bf2a93f161b12cea8cde97') in 0.013404 seconds 
========================================================================
Received Import Request.
  Time since last request: 4.205542 seconds.
  path: Assets/Prefabs/Kura.prefab
  artifactKey: Guid(757fce69d824fcd4b8dcdc28ece4e55f) Importer(815301076,1909f56bfc062723c751e8b465ee728b)
Start importing Assets/Prefabs/Kura.prefab using Guid(757fce69d824fcd4b8dcdc28ece4e55f) Importer(815301076,1909f56bfc062723c751e8b465ee728b)  -> (artifact id: '90b638682d5e517d3869445ed7c84e17') in 0.014025 seconds 
========================================================================
Received Import Request.
  Time since last request: 1.812346 seconds.
  path: Assets/Prefabs/Kura.prefab
  artifactKey: Guid(757fce69d824fcd4b8dcdc28ece4e55f) Importer(815301076,1909f56bfc062723c751e8b465ee728b)
Start importing Assets/Prefabs/Kura.prefab using Guid(757fce69d824fcd4b8dcdc28ece4e55f) Importer(815301076,1909f56bfc062723c751e8b465ee728b)  -> (artifact id: '192fd0ba4e8c0ee5a0d5f98009c9f7c0') in 0.014293 seconds 
========================================================================
Received Import Request.
  Time since last request: 9.855342 seconds.
  path: Assets/Prefabs/Kura.prefab
  artifactKey: Guid(757fce69d824fcd4b8dcdc28ece4e55f) Importer(815301076,1909f56bfc062723c751e8b465ee728b)
Start importing Assets/Prefabs/Kura.prefab using Guid(757fce69d824fcd4b8dcdc28ece4e55f) Importer(815301076,1909f56bfc062723c751e8b465ee728b)  -> (artifact id: '6967c0ee713f6f26facbb0e0a57e6e7f') in 0.013758 seconds 
========================================================================
Received Import Request.
  Time since last request: 2.802154 seconds.
  path: Assets/Prefabs/Kura.prefab
  artifactKey: Guid(757fce69d824fcd4b8dcdc28ece4e55f) Importer(815301076,1909f56bfc062723c751e8b465ee728b)
Start importing Assets/Prefabs/Kura.prefab using Guid(757fce69d824fcd4b8dcdc28ece4e55f) Importer(815301076,1909f56bfc062723c751e8b465ee728b)  -> (artifact id: '212bc4575b3044bdfa653243bac0e077') in 0.014409 seconds 
========================================================================
Received Import Request.
  Time since last request: 27.877716 seconds.
  path: Assets/Prefabs/Kura.prefab
  artifactKey: Guid(757fce69d824fcd4b8dcdc28ece4e55f) Importer(815301076,1909f56bfc062723c751e8b465ee728b)
Start importing Assets/Prefabs/Kura.prefab using Guid(757fce69d824fcd4b8dcdc28ece4e55f) Importer(815301076,1909f56bfc062723c751e8b465ee728b)  -> (artifact id: '49002a3cc87cdcaeb1918362a157fbc8') in 0.013207 seconds 
========================================================================
Received Import Request.
  Time since last request: 121.611365 seconds.
  path: Assets/Prefabs/Kura 3.prefab
  artifactKey: Guid(cd12d30bdc2ee1b4bbdcefa5f6f432a7) Importer(815301076,1909f56bfc062723c751e8b465ee728b)
Start importing Assets/Prefabs/Kura 3.prefab using Guid(cd12d30bdc2ee1b4bbdcefa5f6f432a7) Importer(815301076,1909f56bfc062723c751e8b465ee728b)  -> (artifact id: 'd7074af8cb4e8948b027bdf04256a5d3') in 0.013329 seconds 
========================================================================
Received Import Request.
  Time since last request: 23.367730 seconds.
  path: Assets/Prefabs/Kura 4.prefab
  artifactKey: Guid(00568c3edabe6124fa3bf6c99c0b9d70) Importer(815301076,1909f56bfc062723c751e8b465ee728b)
Start importing Assets/Prefabs/Kura 4.prefab using Guid(00568c3edabe6124fa3bf6c99c0b9d70) Importer(815301076,1909f56bfc062723c751e8b465ee728b)  -> (artifact id: '0396465ea8f5fa3d8e88779128ad807f') in 0.020124 seconds 
========================================================================
Received Import Request.
  Time since last request: 10.075319 seconds.
  path: Assets/Prefabs/Kura 3.prefab
  artifactKey: Guid(cd12d30bdc2ee1b4bbdcefa5f6f432a7) Importer(815301076,1909f56bfc062723c751e8b465ee728b)
Start importing Assets/Prefabs/Kura 3.prefab using Guid(cd12d30bdc2ee1b4bbdcefa5f6f432a7) Importer(815301076,1909f56bfc062723c751e8b465ee728b)  -> (artifact id: '7f5e9667ede15e171eb14dda4dc8527a') in 0.015256 seconds 
========================================================================
Received Import Request.
  Time since last request: 5.020546 seconds.
  path: Assets/Prefabs/Kura 4.prefab
  artifactKey: Guid(00568c3edabe6124fa3bf6c99c0b9d70) Importer(815301076,1909f56bfc062723c751e8b465ee728b)
Start importing Assets/Prefabs/Kura 4.prefab using Guid(00568c3edabe6124fa3bf6c99c0b9d70) Importer(815301076,1909f56bfc062723c751e8b465ee728b)  -> (artifact id: '8e197fe5e970ae18ab24755429b5af99') in 0.013732 seconds 
========================================================================
Received Import Request.
  Time since last request: 16.348131 seconds.
  path: Assets/Prefabs/Kura 4.prefab
  artifactKey: Guid(00568c3edabe6124fa3bf6c99c0b9d70) Importer(815301076,1909f56bfc062723c751e8b465ee728b)
Start importing Assets/Prefabs/Kura 4.prefab using Guid(00568c3edabe6124fa3bf6c99c0b9d70) Importer(815301076,1909f56bfc062723c751e8b465ee728b)  -> (artifact id: 'fa8841b1aab852bc352df8482361dfbf') in 0.015065 seconds 
========================================================================
Received Import Request.
  Time since last request: 3.025898 seconds.
  path: Assets/Prefabs/Kura 4.prefab
  artifactKey: Guid(00568c3edabe6124fa3bf6c99c0b9d70) Importer(815301076,1909f56bfc062723c751e8b465ee728b)
Start importing Assets/Prefabs/Kura 4.prefab using Guid(00568c3edabe6124fa3bf6c99c0b9d70) Importer(815301076,1909f56bfc062723c751e8b465ee728b)  -> (artifact id: '5a3079d7ccd4bd380930faca88f9573d') in 0.013705 seconds 
========================================================================
Received Import Request.
  Time since last request: 1.559798 seconds.
  path: Assets/Prefabs/Kura 4.prefab
  artifactKey: Guid(00568c3edabe6124fa3bf6c99c0b9d70) Importer(815301076,1909f56bfc062723c751e8b465ee728b)
Start importing Assets/Prefabs/Kura 4.prefab using Guid(00568c3edabe6124fa3bf6c99c0b9d70) Importer(815301076,1909f56bfc062723c751e8b465ee728b)  -> (artifact id: 'edc2bf4d61aa109a4c3f1b1d999f9ef0') in 0.013634 seconds 
========================================================================
Received Import Request.
  Time since last request: 6.229338 seconds.
  path: Assets/Prefabs/Kura 4.prefab
  artifactKey: Guid(00568c3edabe6124fa3bf6c99c0b9d70) Importer(815301076,1909f56bfc062723c751e8b465ee728b)
Start importing Assets/Prefabs/Kura 4.prefab using Guid(00568c3edabe6124fa3bf6c99c0b9d70) Importer(815301076,1909f56bfc062723c751e8b465ee728b)  -> (artifact id: 'af6d1b16c1046f97d0dc767ece70e222') in 0.013513 seconds 
========================================================================
Received Import Request.
  Time since last request: 13.116853 seconds.
  path: Assets/Prefabs/Kura 4.prefab
  artifactKey: Guid(00568c3edabe6124fa3bf6c99c0b9d70) Importer(815301076,1909f56bfc062723c751e8b465ee728b)
Start importing Assets/Prefabs/Kura 4.prefab using Guid(00568c3edabe6124fa3bf6c99c0b9d70) Importer(815301076,1909f56bfc062723c751e8b465ee728b)  -> (artifact id: '97a65e7ce1e31475d3c0285557d8695c') in 0.013832 seconds 
========================================================================
Received Import Request.
  Time since last request: 18.177544 seconds.
  path: Assets/Prefabs/Kura 4.prefab
  artifactKey: Guid(00568c3edabe6124fa3bf6c99c0b9d70) Importer(815301076,1909f56bfc062723c751e8b465ee728b)
Start importing Assets/Prefabs/Kura 4.prefab using Guid(00568c3edabe6124fa3bf6c99c0b9d70) Importer(815301076,1909f56bfc062723c751e8b465ee728b)  -> (artifact id: '92a7dc00c0c2587ca2ddd361c7cf7b4d') in 0.014108 seconds 
========================================================================
Received Import Request.
  Time since last request: 5.188399 seconds.
  path: Assets/Prefabs/Kura 4.prefab
  artifactKey: Guid(00568c3edabe6124fa3bf6c99c0b9d70) Importer(815301076,1909f56bfc062723c751e8b465ee728b)
Start importing Assets/Prefabs/Kura 4.prefab using Guid(00568c3edabe6124fa3bf6c99c0b9d70) Importer(815301076,1909f56bfc062723c751e8b465ee728b)  -> (artifact id: '99050f88a01edb1afdf26163f7d80ad5') in 0.014246 seconds 
========================================================================
Received Import Request.
  Time since last request: 1.990967 seconds.
  path: Assets/Prefabs/Kura 4.prefab
  artifactKey: Guid(00568c3edabe6124fa3bf6c99c0b9d70) Importer(815301076,1909f56bfc062723c751e8b465ee728b)
Start importing Assets/Prefabs/Kura 4.prefab using Guid(00568c3edabe6124fa3bf6c99c0b9d70) Importer(815301076,1909f56bfc062723c751e8b465ee728b)  -> (artifact id: '85133a3d5d3b131951593c0601800704') in 0.013485 seconds 
========================================================================
Received Import Request.
  Time since last request: 1.197833 seconds.
  path: Assets/Prefabs/Kura 4.prefab
  artifactKey: Guid(00568c3edabe6124fa3bf6c99c0b9d70) Importer(815301076,1909f56bfc062723c751e8b465ee728b)
Start importing Assets/Prefabs/Kura 4.prefab using Guid(00568c3edabe6124fa3bf6c99c0b9d70) Importer(815301076,1909f56bfc062723c751e8b465ee728b)  -> (artifact id: '53260b117f137d113370058e7312e475') in 0.013500 seconds 
========================================================================
Received Import Request.
  Time since last request: 2.804634 seconds.
  path: Assets/Prefabs/Kura 4.prefab
  artifactKey: Guid(00568c3edabe6124fa3bf6c99c0b9d70) Importer(815301076,1909f56bfc062723c751e8b465ee728b)
Start importing Assets/Prefabs/Kura 4.prefab using Guid(00568c3edabe6124fa3bf6c99c0b9d70) Importer(815301076,1909f56bfc062723c751e8b465ee728b)  -> (artifact id: 'd744cf0298546b66eb0d7bc0878420b7') in 0.013838 seconds 
========================================================================
Received Import Request.
  Time since last request: 3.415073 seconds.
  path: Assets/Prefabs/Kura 4.prefab
  artifactKey: Guid(00568c3edabe6124fa3bf6c99c0b9d70) Importer(815301076,1909f56bfc062723c751e8b465ee728b)
Start importing Assets/Prefabs/Kura 4.prefab using Guid(00568c3edabe6124fa3bf6c99c0b9d70) Importer(815301076,1909f56bfc062723c751e8b465ee728b)  -> (artifact id: '97a745ef04c86fd025851d0263fe5a4f') in 0.013649 seconds 
========================================================================
Received Import Request.
  Time since last request: 3.806592 seconds.
  path: Assets/Prefabs/Kura 4.prefab
  artifactKey: Guid(00568c3edabe6124fa3bf6c99c0b9d70) Importer(815301076,1909f56bfc062723c751e8b465ee728b)
Start importing Assets/Prefabs/Kura 4.prefab using Guid(00568c3edabe6124fa3bf6c99c0b9d70) Importer(815301076,1909f56bfc062723c751e8b465ee728b)  -> (artifact id: '31038da19c8fa3b49cf1def1ac93b2a1') in 0.014249 seconds 
========================================================================
Received Import Request.
  Time since last request: 0.985557 seconds.
  path: Assets/Prefabs/Kura 4.prefab
  artifactKey: Guid(00568c3edabe6124fa3bf6c99c0b9d70) Importer(815301076,1909f56bfc062723c751e8b465ee728b)
Start importing Assets/Prefabs/Kura 4.prefab using Guid(00568c3edabe6124fa3bf6c99c0b9d70) Importer(815301076,1909f56bfc062723c751e8b465ee728b)  -> (artifact id: 'e50c3e2086876f5dab183c2a95933de4') in 0.013503 seconds 
========================================================================
Received Import Request.
  Time since last request: 6.809467 seconds.
  path: Assets/Prefabs/Kura 2.prefab
  artifactKey: Guid(5f73ee310bfd0894f9621e14b3f5a1e4) Importer(815301076,1909f56bfc062723c751e8b465ee728b)
Start importing Assets/Prefabs/Kura 2.prefab using Guid(5f73ee310bfd0894f9621e14b3f5a1e4) Importer(815301076,1909f56bfc062723c751e8b465ee728b)  -> (artifact id: 'cefe103590d3085125a8ce3be72b1e7e') in 0.017906 seconds 
========================================================================
Received Import Request.
  Time since last request: 6.857633 seconds.
  path: Assets/Prefabs/Dog.prefab
  artifactKey: Guid(af7d710498281d04a91f5327bdb66037) Importer(815301076,1909f56bfc062723c751e8b465ee728b)
Start importing Assets/Prefabs/Dog.prefab using Guid(af7d710498281d04a91f5327bdb66037) Importer(815301076,1909f56bfc062723c751e8b465ee728b)  -> (artifact id: 'fd04d8ee5f8edc5fb3647989e6bd04b3') in 0.063220 seconds 
========================================================================
Received Import Request.
  Time since last request: 14.972519 seconds.
  path: Assets/Prefabs/Kura 2.prefab
  artifactKey: Guid(5f73ee310bfd0894f9621e14b3f5a1e4) Importer(815301076,1909f56bfc062723c751e8b465ee728b)
Start importing Assets/Prefabs/Kura 2.prefab using Guid(5f73ee310bfd0894f9621e14b3f5a1e4) Importer(815301076,1909f56bfc062723c751e8b465ee728b)  -> (artifact id: '8aec7ec43aa78465fe2c5f0fdceaaf9c') in 0.014783 seconds 
========================================================================
Received Import Request.
  Time since last request: 9.800505 seconds.
  path: Assets/Prefabs/Kura 2.prefab
  artifactKey: Guid(5f73ee310bfd0894f9621e14b3f5a1e4) Importer(815301076,1909f56bfc062723c751e8b465ee728b)
Start importing Assets/Prefabs/Kura 2.prefab using Guid(5f73ee310bfd0894f9621e14b3f5a1e4) Importer(815301076,1909f56bfc062723c751e8b465ee728b)  -> (artifact id: '864e87c76731a5787f9a73ee846aed63') in 0.013234 seconds 
========================================================================
Received Import Request.
  Time since last request: 8.251988 seconds.
  path: Assets/Prefabs/Kura 2.prefab
  artifactKey: Guid(5f73ee310bfd0894f9621e14b3f5a1e4) Importer(815301076,1909f56bfc062723c751e8b465ee728b)
Start importing Assets/Prefabs/Kura 2.prefab using Guid(5f73ee310bfd0894f9621e14b3f5a1e4) Importer(815301076,1909f56bfc062723c751e8b465ee728b)  -> (artifact id: 'f3937800ddc9581933e6ecf11e7a7f7b') in 0.013059 seconds 
========================================================================
Received Import Request.
  Time since last request: 11.499594 seconds.
  path: Assets/Prefabs/Kura 2.prefab
  artifactKey: Guid(5f73ee310bfd0894f9621e14b3f5a1e4) Importer(815301076,1909f56bfc062723c751e8b465ee728b)
Start importing Assets/Prefabs/Kura 2.prefab using Guid(5f73ee310bfd0894f9621e14b3f5a1e4) Importer(815301076,1909f56bfc062723c751e8b465ee728b)  -> (artifact id: '425d1d49e8105dc7c7900efa4dba96b7') in 0.013458 seconds 
========================================================================
Received Import Request.
  Time since last request: 4.221982 seconds.
  path: Assets/Prefabs/Kura 2.prefab
  artifactKey: Guid(5f73ee310bfd0894f9621e14b3f5a1e4) Importer(815301076,1909f56bfc062723c751e8b465ee728b)
Start importing Assets/Prefabs/Kura 2.prefab using Guid(5f73ee310bfd0894f9621e14b3f5a1e4) Importer(815301076,1909f56bfc062723c751e8b465ee728b)  -> (artifact id: 'd76bfc810bd7398aaf7681fa43d45ebe') in 0.013154 seconds 
========================================================================
Received Import Request.
  Time since last request: 4.436114 seconds.
  path: Assets/Prefabs/Kura 2.prefab
  artifactKey: Guid(5f73ee310bfd0894f9621e14b3f5a1e4) Importer(815301076,1909f56bfc062723c751e8b465ee728b)
Start importing Assets/Prefabs/Kura 2.prefab using Guid(5f73ee310bfd0894f9621e14b3f5a1e4) Importer(815301076,1909f56bfc062723c751e8b465ee728b)  -> (artifact id: '342ee2794b2e15f9a7d7765d7e46d9b6') in 0.013063 seconds 
========================================================================
Received Import Request.
  Time since last request: 15.630740 seconds.
  path: Assets/Prefabs/Kura 2.prefab
  artifactKey: Guid(5f73ee310bfd0894f9621e14b3f5a1e4) Importer(815301076,1909f56bfc062723c751e8b465ee728b)
Start importing Assets/Prefabs/Kura 2.prefab using Guid(5f73ee310bfd0894f9621e14b3f5a1e4) Importer(815301076,1909f56bfc062723c751e8b465ee728b)  -> (artifact id: '90ca75f43d48ed94067026e7cd97693a') in 0.013631 seconds 
========================================================================
Received Import Request.
  Time since last request: 2.385697 seconds.
  path: Assets/Prefabs/Kura 2.prefab
  artifactKey: Guid(5f73ee310bfd0894f9621e14b3f5a1e4) Importer(815301076,1909f56bfc062723c751e8b465ee728b)
Start importing Assets/Prefabs/Kura 2.prefab using Guid(5f73ee310bfd0894f9621e14b3f5a1e4) Importer(815301076,1909f56bfc062723c751e8b465ee728b)  -> (artifact id: '4ae34d5350c0ae6848c1d2b82da144dd') in 0.013818 seconds 
========================================================================
Received Import Request.
  Time since last request: 3.206607 seconds.
  path: Assets/Prefabs/Kura 2.prefab
  artifactKey: Guid(5f73ee310bfd0894f9621e14b3f5a1e4) Importer(815301076,1909f56bfc062723c751e8b465ee728b)
Start importing Assets/Prefabs/Kura 2.prefab using Guid(5f73ee310bfd0894f9621e14b3f5a1e4) Importer(815301076,1909f56bfc062723c751e8b465ee728b)  -> (artifact id: '687b02443b3449617c7bc7049250cec9') in 0.013581 seconds 
========================================================================
Received Import Request.
  Time since last request: 2.188235 seconds.
  path: Assets/Prefabs/Kura 2.prefab
  artifactKey: Guid(5f73ee310bfd0894f9621e14b3f5a1e4) Importer(815301076,1909f56bfc062723c751e8b465ee728b)
Start importing Assets/Prefabs/Kura 2.prefab using Guid(5f73ee310bfd0894f9621e14b3f5a1e4) Importer(815301076,1909f56bfc062723c751e8b465ee728b)  -> (artifact id: '07d1bc1d70efeb372b5c31496a27774a') in 0.013994 seconds 
========================================================================
Received Import Request.
  Time since last request: 9.078878 seconds.
  path: Assets/Prefabs/Kura 2.prefab
  artifactKey: Guid(5f73ee310bfd0894f9621e14b3f5a1e4) Importer(815301076,1909f56bfc062723c751e8b465ee728b)
Start importing Assets/Prefabs/Kura 2.prefab using Guid(5f73ee310bfd0894f9621e14b3f5a1e4) Importer(815301076,1909f56bfc062723c751e8b465ee728b)  -> (artifact id: '469f3ad369897c54531a2ccd4d602184') in 0.012841 seconds 
========================================================================
Received Import Request.
  Time since last request: 9.668625 seconds.
  path: Assets/Prefabs/Dog.prefab
  artifactKey: Guid(af7d710498281d04a91f5327bdb66037) Importer(815301076,1909f56bfc062723c751e8b465ee728b)
Start importing Assets/Prefabs/Dog.prefab using Guid(af7d710498281d04a91f5327bdb66037) Importer(815301076,1909f56bfc062723c751e8b465ee728b)  -> (artifact id: 'd65a90cf6bbe81e262a274fe32f2b72f') in 0.032391 seconds 
========================================================================
Received Import Request.
  Time since last request: 8.029666 seconds.
  path: Assets/Prefabs/Dog.prefab
  artifactKey: Guid(af7d710498281d04a91f5327bdb66037) Importer(815301076,1909f56bfc062723c751e8b465ee728b)
Start importing Assets/Prefabs/Dog.prefab using Guid(af7d710498281d04a91f5327bdb66037) Importer(815301076,1909f56bfc062723c751e8b465ee728b)  -> (artifact id: 'b1d2753f16e446a101a068d04af66f90') in 0.034662 seconds 
========================================================================
Received Import Request.
  Time since last request: 2.190253 seconds.
  path: Assets/Prefabs/Dog.prefab
  artifactKey: Guid(af7d710498281d04a91f5327bdb66037) Importer(815301076,1909f56bfc062723c751e8b465ee728b)
Start importing Assets/Prefabs/Dog.prefab using Guid(af7d710498281d04a91f5327bdb66037) Importer(815301076,1909f56bfc062723c751e8b465ee728b)  -> (artifact id: '9a967357d0876a1f708e1277f72d4770') in 0.030918 seconds 
========================================================================
Received Import Request.
  Time since last request: 1.574127 seconds.
  path: Assets/Prefabs/Dog.prefab
  artifactKey: Guid(af7d710498281d04a91f5327bdb66037) Importer(815301076,1909f56bfc062723c751e8b465ee728b)
Start importing Assets/Prefabs/Dog.prefab using Guid(af7d710498281d04a91f5327bdb66037) Importer(815301076,1909f56bfc062723c751e8b465ee728b)  -> (artifact id: '2187c19cffd8e8dfa554ab0a1e8e7d05') in 0.031267 seconds 
========================================================================
Received Import Request.
  Time since last request: 3.392946 seconds.
  path: Assets/Prefabs/Dog.prefab
  artifactKey: Guid(af7d710498281d04a91f5327bdb66037) Importer(815301076,1909f56bfc062723c751e8b465ee728b)
Start importing Assets/Prefabs/Dog.prefab using Guid(af7d710498281d04a91f5327bdb66037) Importer(815301076,1909f56bfc062723c751e8b465ee728b)  -> (artifact id: '070935a79560cb6ffb88a9dbabea54c1') in 0.031377 seconds 
========================================================================
Received Import Request.
  Time since last request: 4.006316 seconds.
  path: Assets/Prefabs/Dog.prefab
  artifactKey: Guid(af7d710498281d04a91f5327bdb66037) Importer(815301076,1909f56bfc062723c751e8b465ee728b)
Start importing Assets/Prefabs/Dog.prefab using Guid(af7d710498281d04a91f5327bdb66037) Importer(815301076,1909f56bfc062723c751e8b465ee728b)  -> (artifact id: '85beb9df09ee3ef83a5e9baf0f66addc') in 0.030110 seconds 
========================================================================
Received Import Request.
  Time since last request: 1.981430 seconds.
  path: Assets/Prefabs/Dog.prefab
  artifactKey: Guid(af7d710498281d04a91f5327bdb66037) Importer(815301076,1909f56bfc062723c751e8b465ee728b)
Start importing Assets/Prefabs/Dog.prefab using Guid(af7d710498281d04a91f5327bdb66037) Importer(815301076,1909f56bfc062723c751e8b465ee728b)  -> (artifact id: 'ebca8650fadc67e516b5fefdda03118b') in 0.032613 seconds 
========================================================================
Received Import Request.
  Time since last request: 2.976530 seconds.
  path: Assets/Prefabs/Dog.prefab
  artifactKey: Guid(af7d710498281d04a91f5327bdb66037) Importer(815301076,1909f56bfc062723c751e8b465ee728b)
Start importing Assets/Prefabs/Dog.prefab using Guid(af7d710498281d04a91f5327bdb66037) Importer(815301076,1909f56bfc062723c751e8b465ee728b)  -> (artifact id: '6c6793e5f25d6921334e2b3eb085a782') in 0.031027 seconds 
========================================================================
Received Import Request.
  Time since last request: 5.004556 seconds.
  path: Assets/Prefabs/Dog.prefab
  artifactKey: Guid(af7d710498281d04a91f5327bdb66037) Importer(815301076,1909f56bfc062723c751e8b465ee728b)
Start importing Assets/Prefabs/Dog.prefab using Guid(af7d710498281d04a91f5327bdb66037) Importer(815301076,1909f56bfc062723c751e8b465ee728b)  -> (artifact id: '61c532cec4e2de8c866e9147e598c5d9') in 0.031752 seconds 
========================================================================
Received Import Request.
  Time since last request: 60.609721 seconds.
  path: Assets/Prefabs/Kura 3.prefab
  artifactKey: Guid(cd12d30bdc2ee1b4bbdcefa5f6f432a7) Importer(815301076,1909f56bfc062723c751e8b465ee728b)
Start importing Assets/Prefabs/Kura 3.prefab using Guid(cd12d30bdc2ee1b4bbdcefa5f6f432a7) Importer(815301076,1909f56bfc062723c751e8b465ee728b)  -> (artifact id: '6bf1b03d434ccc978fdfb28566fa9a52') in 0.014920 seconds 
========================================================================
Received Import Request.
  Time since last request: 1.993419 seconds.
  path: Assets/Prefabs/Kura 3.prefab
  artifactKey: Guid(cd12d30bdc2ee1b4bbdcefa5f6f432a7) Importer(815301076,1909f56bfc062723c751e8b465ee728b)
Start importing Assets/Prefabs/Kura 3.prefab using Guid(cd12d30bdc2ee1b4bbdcefa5f6f432a7) Importer(815301076,1909f56bfc062723c751e8b465ee728b)  -> (artifact id: 'efd4c2a4dfa1fa1b3cfa2a128403dd55') in 0.013142 seconds 
========================================================================
Received Import Request.
  Time since last request: 4.018778 seconds.
  path: Assets/Prefabs/Kura 3.prefab
  artifactKey: Guid(cd12d30bdc2ee1b4bbdcefa5f6f432a7) Importer(815301076,1909f56bfc062723c751e8b465ee728b)
Start importing Assets/Prefabs/Kura 3.prefab using Guid(cd12d30bdc2ee1b4bbdcefa5f6f432a7) Importer(815301076,1909f56bfc062723c751e8b465ee728b)  -> (artifact id: 'e4d997957c1c4b0a00c9a7495d4e1425') in 0.014273 seconds 
========================================================================
Received Import Request.
  Time since last request: 2.603879 seconds.
  path: Assets/Prefabs/Kura 3.prefab
  artifactKey: Guid(cd12d30bdc2ee1b4bbdcefa5f6f432a7) Importer(815301076,1909f56bfc062723c751e8b465ee728b)
Start importing Assets/Prefabs/Kura 3.prefab using Guid(cd12d30bdc2ee1b4bbdcefa5f6f432a7) Importer(815301076,1909f56bfc062723c751e8b465ee728b)  -> (artifact id: '1133caed4fb830e9deea770ba29cecd1') in 0.013475 seconds 
========================================================================
Received Import Request.
  Time since last request: 3.004843 seconds.
  path: Assets/Prefabs/Kura 3.prefab
  artifactKey: Guid(cd12d30bdc2ee1b4bbdcefa5f6f432a7) Importer(815301076,1909f56bfc062723c751e8b465ee728b)
Start importing Assets/Prefabs/Kura 3.prefab using Guid(cd12d30bdc2ee1b4bbdcefa5f6f432a7) Importer(815301076,1909f56bfc062723c751e8b465ee728b)  -> (artifact id: 'c1f3ba303f7ad00c3bc31736e8f708ea') in 0.013421 seconds 
========================================================================
Received Import Request.
  Time since last request: 9.834660 seconds.
  path: Assets/Prefabs/Kura.prefab
  artifactKey: Guid(757fce69d824fcd4b8dcdc28ece4e55f) Importer(815301076,1909f56bfc062723c751e8b465ee728b)
Start importing Assets/Prefabs/Kura.prefab using Guid(757fce69d824fcd4b8dcdc28ece4e55f) Importer(815301076,1909f56bfc062723c751e8b465ee728b)  -> (artifact id: '6da3e3c27ba752b8ce1d29ebddf1fef4') in 0.014094 seconds 
========================================================================
Received Import Request.
  Time since last request: 5.083792 seconds.
  path: Assets/Prefabs/Kura 4.prefab
  artifactKey: Guid(00568c3edabe6124fa3bf6c99c0b9d70) Importer(815301076,1909f56bfc062723c751e8b465ee728b)
Start importing Assets/Prefabs/Kura 4.prefab using Guid(00568c3edabe6124fa3bf6c99c0b9d70) Importer(815301076,1909f56bfc062723c751e8b465ee728b)  -> (artifact id: '1fa939177450abc15a05b731b22a0cad') in 0.014386 seconds 
========================================================================
Received Import Request.
  Time since last request: 2.989618 seconds.
  path: Assets/Prefabs/Kura 3.prefab
  artifactKey: Guid(cd12d30bdc2ee1b4bbdcefa5f6f432a7) Importer(815301076,1909f56bfc062723c751e8b465ee728b)
Start importing Assets/Prefabs/Kura 3.prefab using Guid(cd12d30bdc2ee1b4bbdcefa5f6f432a7) Importer(815301076,1909f56bfc062723c751e8b465ee728b)  -> (artifact id: 'bf9f5c5820195a9f5d93298f41b2f4d5') in 0.013703 seconds 
========================================================================
Received Import Request.
  Time since last request: 17.424444 seconds.
  path: Assets/Prefabs/Kura 2.prefab
  artifactKey: Guid(5f73ee310bfd0894f9621e14b3f5a1e4) Importer(815301076,1909f56bfc062723c751e8b465ee728b)
Start importing Assets/Prefabs/Kura 2.prefab using Guid(5f73ee310bfd0894f9621e14b3f5a1e4) Importer(815301076,1909f56bfc062723c751e8b465ee728b)  -> (artifact id: '773cf0ea2f88f68bdf070832e59ac45e') in 0.014955 seconds 
========================================================================
Received Import Request.
  Time since last request: 73.961981 seconds.
  path: Assets/Prefabs/Food_Wine_01.prefab
  artifactKey: Guid(7887c9cf99ff34a42a834d3488f6093d) Importer(815301076,1909f56bfc062723c751e8b465ee728b)
Start importing Assets/Prefabs/Food_Wine_01.prefab using Guid(7887c9cf99ff34a42a834d3488f6093d) Importer(815301076,1909f56bfc062723c751e8b465ee728b)  -> (artifact id: '9b9d9b14c1bab6b59953f4ebfd87bebf') in 0.026913 seconds 
========================================================================
Received Import Request.
  Time since last request: 20.223608 seconds.
  path: Assets/Prefabs/Food_Wine_01.prefab
  artifactKey: Guid(7887c9cf99ff34a42a834d3488f6093d) Importer(815301076,1909f56bfc062723c751e8b465ee728b)
Start importing Assets/Prefabs/Food_Wine_01.prefab using Guid(7887c9cf99ff34a42a834d3488f6093d) Importer(815301076,1909f56bfc062723c751e8b465ee728b)  -> (artifact id: '9a33e382772fd963f41dd55f093ec98c') in 0.009972 seconds 
========================================================================
Received Import Request.
  Time since last request: 21.336399 seconds.
  path: Assets/Prefabs/Food_Wine_01.prefab
  artifactKey: Guid(7887c9cf99ff34a42a834d3488f6093d) Importer(815301076,1909f56bfc062723c751e8b465ee728b)
Start importing Assets/Prefabs/Food_Wine_01.prefab using Guid(7887c9cf99ff34a42a834d3488f6093d) Importer(815301076,1909f56bfc062723c751e8b465ee728b)  -> (artifact id: 'd8b3af8c1c44a76c23bdc686522f1f41') in 0.009581 seconds 
========================================================================
Received Import Request.
  Time since last request: 22.307986 seconds.
  path: Assets/Prefabs/Food_Wine_01.prefab
  artifactKey: Guid(7887c9cf99ff34a42a834d3488f6093d) Importer(815301076,1909f56bfc062723c751e8b465ee728b)
Start importing Assets/Prefabs/Food_Wine_01.prefab using Guid(7887c9cf99ff34a42a834d3488f6093d) Importer(815301076,1909f56bfc062723c751e8b465ee728b)  -> (artifact id: '9f844c4ddaa553e182f58977e88b2214') in 0.009299 seconds 
========================================================================
Received Prepare
Registering precompiled user dll's ...
Registered in 0.009144 seconds.
Begin MonoManager ReloadAssembly
Symbol file LoadedFromMemory doesn't match image C:\Users\Vlady\OneDrive\Документы\GitHub\Uniti_lb\Unity_ld_3.1\My project\Library\PackageCache\com.unity.visualscripting@1.8.0\Editor\VisualScripting.Core\Dependencies\YamlDotNet\Unity.VisualScripting.YamlDotNet.dll
Symbol file LoadedFromMemory doesn't match image C:\Users\Vlady\OneDrive\Документы\GitHub\Uniti_lb\Unity_ld_3.1\My project\Library\PackageCache\com.unity.visualscripting@1.8.0\Editor\VisualScripting.Core\Dependencies\DotNetZip\Unity.VisualScripting.IonicZip.dll
Native extension for WindowsStandalone target not found
Native extension for Android target not found
Native extension for WebGL target not found
Refreshing native plugins compatible for Editor in 0.81 ms, found 3 plugins.
Preloading 0 native plugins for Editor in 0.00 ms.
Mono: successfully reloaded assembly
- Completed reload, in  1.187 seconds
Domain Reload Profiling:
	ReloadAssembly (1188ms)
		BeginReloadAssembly (170ms)
			ExecutionOrderSort (0ms)
			DisableScriptedObjects (5ms)
			BackupInstance (0ms)
			ReleaseScriptingObjects (0ms)
			CreateAndSetChildDomain (50ms)
		EndReloadAssembly (910ms)
			LoadAssemblies (111ms)
			RebuildTransferFunctionScriptingTraits (0ms)
			SetupTypeCache (310ms)
			ReleaseScriptCaches (1ms)
			RebuildScriptCaches (43ms)
			SetupLoadedEditorAssemblies (402ms)
				LogAssemblyErrors (0ms)
				InitializePlatformSupportModulesInManaged (22ms)
				SetLoadedEditorAssemblies (0ms)
				RefreshPlugins (1ms)
				BeforeProcessingInitializeOnLoad (77ms)
				ProcessInitializeOnLoadAttributes (274ms)
				ProcessInitializeOnLoadMethodAttributes (19ms)
				AfterProcessingInitializeOnLoad (8ms)
				EditorAssembliesLoaded (0ms)
			ExecutionOrderSort2 (0ms)
			AwakeInstancesAfterBackupRestoration (6ms)
Platform modules already initialized, skipping
Refreshing native plugins compatible for Editor in 2.40 ms, found 3 plugins.
Preloading 0 native plugins for Editor in 0.00 ms.
Unloading 3080 Unused Serialized files (Serialized files now loaded: 0)
Unloading 27 unused Assets / (80.2 KB). Loaded Objects now: 3558.
Memory consumption went from 127.5 MB to 127.5 MB.
Total: 3.611900 ms (FindLiveObjects: 0.343000 ms CreateObjectMapping: 0.204900 ms MarkObjects: 2.955500 ms  DeleteObjects: 0.107100 ms)

AssetImportParameters requested are different than current active one (requested -> active):
  custom:video-decoder-ogg-theora: a1e56fd34408186e4bbccfd4996cb3dc -> 
  custom:container-muxer-webm: aa71ff27fc2769a1b78a27578f13a17b -> 
  custom:container-demuxer-webm: 4f35f7cbe854078d1ac9338744f61a02 -> 
  custom:video-encoder-webm-vp8: eb34c28f22e8b96e1ab97ce403110664 -> 
  custom:audio-encoder-webm-vorbis: bf7c407c2cedff20999df2af8eb42d56 -> 
  custom:framework-win-MediaFoundation: 216162199b28c13a410421893ffa2e32 -> 
  custom:container-demuxer-ogg: 62fdf1f143b41e24485cea50d1cbac27 -> 
  custom:video-decoder-webm-vp8: 9c59270c3fd7afecdb556c50c9e8de78 -> 
  custom:audio-decoder-ogg-vorbis: bf7c407c2cedff20999df2af8eb42d56 -> 
========================================================================
Received Import Request.
  Time since last request: 239.391473 seconds.
  path: Assets/Scripts/DetectCollisions..cs
  artifactKey: Guid(6dd86939e37cbc74d8f8995bf46b2b6e) Importer(815301076,1909f56bfc062723c751e8b465ee728b)
Start importing Assets/Scripts/DetectCollisions..cs using Guid(6dd86939e37cbc74d8f8995bf46b2b6e) Importer(815301076,1909f56bfc062723c751e8b465ee728b)  -> (artifact id: '76e4b78f8973adaedbf870d43942bf94') in 0.012567 seconds 
========================================================================
Received Prepare
Registering precompiled user dll's ...
Registered in 0.007607 seconds.
Begin MonoManager ReloadAssembly
Symbol file LoadedFromMemory doesn't match image C:\Users\Vlady\OneDrive\Документы\GitHub\Uniti_lb\Unity_ld_3.1\My project\Library\PackageCache\com.unity.visualscripting@1.8.0\Editor\VisualScripting.Core\Dependencies\YamlDotNet\Unity.VisualScripting.YamlDotNet.dll
Symbol file LoadedFromMemory doesn't match image C:\Users\Vlady\OneDrive\Документы\GitHub\Uniti_lb\Unity_ld_3.1\My project\Library\PackageCache\com.unity.visualscripting@1.8.0\Editor\VisualScripting.Core\Dependencies\DotNetZip\Unity.VisualScripting.IonicZip.dll
Native extension for WindowsStandalone target not found
Native extension for Android target not found
Native extension for WebGL target not found
Refreshing native plugins compatible for Editor in 0.62 ms, found 3 plugins.
Preloading 0 native plugins for Editor in 0.00 ms.
Mono: successfully reloaded assembly
- Completed reload, in  0.999 seconds
Domain Reload Profiling:
	ReloadAssembly (1000ms)
		BeginReloadAssembly (135ms)
			ExecutionOrderSort (0ms)
			DisableScriptedObjects (5ms)
			BackupInstance (0ms)
			ReleaseScriptingObjects (0ms)
			CreateAndSetChildDomain (34ms)
		EndReloadAssembly (760ms)
			LoadAssemblies (91ms)
			RebuildTransferFunctionScriptingTraits (0ms)
			SetupTypeCache (240ms)
			ReleaseScriptCaches (1ms)
			RebuildScriptCaches (37ms)
			SetupLoadedEditorAssemblies (348ms)
				LogAssemblyErrors (0ms)
				InitializePlatformSupportModulesInManaged (20ms)
				SetLoadedEditorAssemblies (0ms)
				RefreshPlugins (1ms)
				BeforeProcessingInitializeOnLoad (72ms)
				ProcessInitializeOnLoadAttributes (231ms)
				ProcessInitializeOnLoadMethodAttributes (17ms)
				AfterProcessingInitializeOnLoad (7ms)
				EditorAssembliesLoaded (0ms)
			ExecutionOrderSort2 (0ms)
			AwakeInstancesAfterBackupRestoration (5ms)
Platform modules already initialized, skipping
Refreshing native plugins compatible for Editor in 2.81 ms, found 3 plugins.
Preloading 0 native plugins for Editor in 0.00 ms.
Unloading 3080 Unused Serialized files (Serialized files now loaded: 0)
Unloading 27 unused Assets / (80.3 KB). Loaded Objects now: 3561.
Memory consumption went from 127.6 MB to 127.5 MB.
Total: 3.398300 ms (FindLiveObjects: 0.354800 ms CreateObjectMapping: 0.228200 ms MarkObjects: 2.705300 ms  DeleteObjects: 0.108700 ms)

AssetImportParameters requested are different than current active one (requested -> active):
  custom:video-decoder-ogg-theora: a1e56fd34408186e4bbccfd4996cb3dc -> 
  custom:container-muxer-webm: aa71ff27fc2769a1b78a27578f13a17b -> 
  custom:container-demuxer-webm: 4f35f7cbe854078d1ac9338744f61a02 -> 
  custom:video-encoder-webm-vp8: eb34c28f22e8b96e1ab97ce403110664 -> 
  custom:audio-encoder-webm-vorbis: bf7c407c2cedff20999df2af8eb42d56 -> 
  custom:framework-win-MediaFoundation: 216162199b28c13a410421893ffa2e32 -> 
  custom:container-demuxer-ogg: 62fdf1f143b41e24485cea50d1cbac27 -> 
  custom:video-decoder-webm-vp8: 9c59270c3fd7afecdb556c50c9e8de78 -> 
  custom:audio-decoder-ogg-vorbis: bf7c407c2cedff20999df2af8eb42d56 -> 
========================================================================
Received Import Request.
  Time since last request: 33.264963 seconds.
  path: Assets/Scripts/DetectCollisions.cs
  artifactKey: Guid(d7fd081c97f1f0445aa0051bb02e5d2b) Importer(815301076,1909f56bfc062723c751e8b465ee728b)
Start importing Assets/Scripts/DetectCollisions.cs using Guid(d7fd081c97f1f0445aa0051bb02e5d2b) Importer(815301076,1909f56bfc062723c751e8b465ee728b)  -> (artifact id: '51bce9a5d89aa8d99551853490948f63') in 0.011847 seconds 
========================================================================
Received Prepare
Registering precompiled user dll's ...
Registered in 0.008154 seconds.
Begin MonoManager ReloadAssembly
Symbol file LoadedFromMemory doesn't match image C:\Users\Vlady\OneDrive\Документы\GitHub\Uniti_lb\Unity_ld_3.1\My project\Library\PackageCache\com.unity.visualscripting@1.8.0\Editor\VisualScripting.Core\Dependencies\YamlDotNet\Unity.VisualScripting.YamlDotNet.dll
Symbol file LoadedFromMemory doesn't match image C:\Users\Vlady\OneDrive\Документы\GitHub\Uniti_lb\Unity_ld_3.1\My project\Library\PackageCache\com.unity.visualscripting@1.8.0\Editor\VisualScripting.Core\Dependencies\DotNetZip\Unity.VisualScripting.IonicZip.dll
Native extension for WindowsStandalone target not found
Native extension for Android target not found
Native extension for WebGL target not found
Refreshing native plugins compatible for Editor in 0.62 ms, found 3 plugins.
Preloading 0 native plugins for Editor in 0.00 ms.
Mono: successfully reloaded assembly
- Completed reload, in  0.991 seconds
Domain Reload Profiling:
	ReloadAssembly (991ms)
		BeginReloadAssembly (136ms)
			ExecutionOrderSort (0ms)
			DisableScriptedObjects (5ms)
			BackupInstance (0ms)
			ReleaseScriptingObjects (0ms)
			CreateAndSetChildDomain (33ms)
		EndReloadAssembly (760ms)
			LoadAssemblies (91ms)
			RebuildTransferFunctionScriptingTraits (0ms)
			SetupTypeCache (242ms)
			ReleaseScriptCaches (1ms)
			RebuildScriptCaches (37ms)
			SetupLoadedEditorAssemblies (349ms)
				LogAssemblyErrors (0ms)
				InitializePlatformSupportModulesInManaged (19ms)
				SetLoadedEditorAssemblies (0ms)
				RefreshPlugins (1ms)
				BeforeProcessingInitializeOnLoad (67ms)
				ProcessInitializeOnLoadAttributes (237ms)
				ProcessInitializeOnLoadMethodAttributes (17ms)
				AfterProcessingInitializeOnLoad (8ms)
				EditorAssembliesLoaded (0ms)
			ExecutionOrderSort2 (0ms)
			AwakeInstancesAfterBackupRestoration (5ms)
Platform modules already initialized, skipping
Refreshing native plugins compatible for Editor in 2.72 ms, found 3 plugins.
Preloading 0 native plugins for Editor in 0.00 ms.
Unloading 3081 Unused Serialized files (Serialized files now loaded: 0)
Unloading 27 unused Assets / (80.1 KB). Loaded Objects now: 3565.
Memory consumption went from 127.6 MB to 127.5 MB.
Total: 2.988300 ms (FindLiveObjects: 0.256500 ms CreateObjectMapping: 0.079000 ms MarkObjects: 2.508500 ms  DeleteObjects: 0.142000 ms)

AssetImportParameters requested are different than current active one (requested -> active):
  custom:video-decoder-ogg-theora: a1e56fd34408186e4bbccfd4996cb3dc -> 
  custom:container-muxer-webm: aa71ff27fc2769a1b78a27578f13a17b -> 
  custom:container-demuxer-webm: 4f35f7cbe854078d1ac9338744f61a02 -> 
  custom:video-encoder-webm-vp8: eb34c28f22e8b96e1ab97ce403110664 -> 
  custom:audio-encoder-webm-vorbis: bf7c407c2cedff20999df2af8eb42d56 -> 
  custom:framework-win-MediaFoundation: 216162199b28c13a410421893ffa2e32 -> 
  custom:container-demuxer-ogg: 62fdf1f143b41e24485cea50d1cbac27 -> 
  custom:video-decoder-webm-vp8: 9c59270c3fd7afecdb556c50c9e8de78 -> 
  custom:audio-decoder-ogg-vorbis: bf7c407c2cedff20999df2af8eb42d56 -> 
========================================================================
Received Prepare
Registering precompiled user dll's ...
Registered in 0.007808 seconds.
Begin MonoManager ReloadAssembly
Symbol file LoadedFromMemory doesn't match image C:\Users\Vlady\OneDrive\Документы\GitHub\Uniti_lb\Unity_ld_3.1\My project\Library\PackageCache\com.unity.visualscripting@1.8.0\Editor\VisualScripting.Core\Dependencies\YamlDotNet\Unity.VisualScripting.YamlDotNet.dll
Symbol file LoadedFromMemory doesn't match image C:\Users\Vlady\OneDrive\Документы\GitHub\Uniti_lb\Unity_ld_3.1\My project\Library\PackageCache\com.unity.visualscripting@1.8.0\Editor\VisualScripting.Core\Dependencies\DotNetZip\Unity.VisualScripting.IonicZip.dll
Native extension for WindowsStandalone target not found
Native extension for Android target not found
Native extension for WebGL target not found
Refreshing native plugins compatible for Editor in 0.75 ms, found 3 plugins.
Preloading 0 native plugins for Editor in 0.00 ms.
Mono: successfully reloaded assembly
- Completed reload, in  0.997 seconds
Domain Reload Profiling:
	ReloadAssembly (998ms)
		BeginReloadAssembly (139ms)
			ExecutionOrderSort (0ms)
			DisableScriptedObjects (5ms)
			BackupInstance (0ms)
			ReleaseScriptingObjects (0ms)
			CreateAndSetChildDomain (34ms)
		EndReloadAssembly (763ms)
			LoadAssemblies (90ms)
			RebuildTransferFunctionScriptingTraits (0ms)
			SetupTypeCache (238ms)
			ReleaseScriptCaches (1ms)
			RebuildScriptCaches (42ms)
			SetupLoadedEditorAssemblies (350ms)
				LogAssemblyErrors (0ms)
				InitializePlatformSupportModulesInManaged (23ms)
				SetLoadedEditorAssemblies (2ms)
				RefreshPlugins (1ms)
				BeforeProcessingInitializeOnLoad (68ms)
				ProcessInitializeOnLoadAttributes (230ms)
				ProcessInitializeOnLoadMethodAttributes (17ms)
				AfterProcessingInitializeOnLoad (8ms)
				EditorAssembliesLoaded (0ms)
			ExecutionOrderSort2 (0ms)
			AwakeInstancesAfterBackupRestoration (5ms)
Platform modules already initialized, skipping
Refreshing native plugins compatible for Editor in 2.55 ms, found 3 plugins.
Preloading 0 native plugins for Editor in 0.00 ms.
Unloading 3081 Unused Serialized files (Serialized files now loaded: 0)
Unloading 27 unused Assets / (80.2 KB). Loaded Objects now: 3568.
Memory consumption went from 127.6 MB to 127.5 MB.
Total: 3.287000 ms (FindLiveObjects: 0.334300 ms CreateObjectMapping: 0.087100 ms MarkObjects: 2.747400 ms  DeleteObjects: 0.116600 ms)

AssetImportParameters requested are different than current active one (requested -> active):
  custom:video-decoder-ogg-theora: a1e56fd34408186e4bbccfd4996cb3dc -> 
  custom:container-muxer-webm: aa71ff27fc2769a1b78a27578f13a17b -> 
  custom:container-demuxer-webm: 4f35f7cbe854078d1ac9338744f61a02 -> 
  custom:video-encoder-webm-vp8: eb34c28f22e8b96e1ab97ce403110664 -> 
  custom:audio-encoder-webm-vorbis: bf7c407c2cedff20999df2af8eb42d56 -> 
  custom:framework-win-MediaFoundation: 216162199b28c13a410421893ffa2e32 -> 
  custom:container-demuxer-ogg: 62fdf1f143b41e24485cea50d1cbac27 -> 
  custom:video-decoder-webm-vp8: 9c59270c3fd7afecdb556c50c9e8de78 -> 
  custom:audio-decoder-ogg-vorbis: bf7c407c2cedff20999df2af8eb42d56 -> 
========================================================================
Received Prepare
Registering precompiled user dll's ...
Registered in 0.008929 seconds.
Begin MonoManager ReloadAssembly
Symbol file LoadedFromMemory doesn't match image C:\Users\Vlady\OneDrive\Документы\GitHub\Uniti_lb\Unity_ld_3.1\My project\Library\PackageCache\com.unity.visualscripting@1.8.0\Editor\VisualScripting.Core\Dependencies\YamlDotNet\Unity.VisualScripting.YamlDotNet.dll
Symbol file LoadedFromMemory doesn't match image C:\Users\Vlady\OneDrive\Документы\GitHub\Uniti_lb\Unity_ld_3.1\My project\Library\PackageCache\com.unity.visualscripting@1.8.0\Editor\VisualScripting.Core\Dependencies\DotNetZip\Unity.VisualScripting.IonicZip.dll
Native extension for WindowsStandalone target not found
Native extension for Android target not found
Native extension for WebGL target not found
Refreshing native plugins compatible for Editor in 0.61 ms, found 3 plugins.
Preloading 0 native plugins for Editor in 0.00 ms.
Mono: successfully reloaded assembly
- Completed reload, in  0.971 seconds
Domain Reload Profiling:
	ReloadAssembly (972ms)
		BeginReloadAssembly (142ms)
			ExecutionOrderSort (0ms)
			DisableScriptedObjects (5ms)
			BackupInstance (0ms)
			ReleaseScriptingObjects (0ms)
			CreateAndSetChildDomain (35ms)
		EndReloadAssembly (739ms)
			LoadAssemblies (92ms)
			RebuildTransferFunctionScriptingTraits (0ms)
			SetupTypeCache (245ms)
			ReleaseScriptCaches (1ms)
			RebuildScriptCaches (37ms)
			SetupLoadedEditorAssemblies (328ms)
				LogAssemblyErrors (0ms)
				InitializePlatformSupportModulesInManaged (18ms)
				SetLoadedEditorAssemblies (0ms)
				RefreshPlugins (1ms)
				BeforeProcessingInitializeOnLoad (66ms)
				ProcessInitializeOnLoadAttributes (220ms)
				ProcessInitializeOnLoadMethodAttributes (16ms)
				AfterProcessingInitializeOnLoad (7ms)
				EditorAssembliesLoaded (0ms)
			ExecutionOrderSort2 (0ms)
			AwakeInstancesAfterBackupRestoration (5ms)
Platform modules already initialized, skipping
Refreshing native plugins compatible for Editor in 1.87 ms, found 3 plugins.
Preloading 0 native plugins for Editor in 0.00 ms.
Unloading 3081 Unused Serialized files (Serialized files now loaded: 0)
Unloading 27 unused Assets / (81.2 KB). Loaded Objects now: 3571.
Memory consumption went from 127.6 MB to 127.5 MB.
Total: 2.771200 ms (FindLiveObjects: 0.294300 ms CreateObjectMapping: 0.089700 ms MarkObjects: 2.284200 ms  DeleteObjects: 0.101400 ms)

AssetImportParameters requested are different than current active one (requested -> active):
  custom:video-decoder-ogg-theora: a1e56fd34408186e4bbccfd4996cb3dc -> 
  custom:container-muxer-webm: aa71ff27fc2769a1b78a27578f13a17b -> 
  custom:container-demuxer-webm: 4f35f7cbe854078d1ac9338744f61a02 -> 
  custom:video-encoder-webm-vp8: eb34c28f22e8b96e1ab97ce403110664 -> 
  custom:audio-encoder-webm-vorbis: bf7c407c2cedff20999df2af8eb42d56 -> 
  custom:framework-win-MediaFoundation: 216162199b28c13a410421893ffa2e32 -> 
  custom:container-demuxer-ogg: 62fdf1f143b41e24485cea50d1cbac27 -> 
  custom:video-decoder-webm-vp8: 9c59270c3fd7afecdb556c50c9e8de78 -> 
  custom:audio-decoder-ogg-vorbis: bf7c407c2cedff20999df2af8eb42d56 -> 
========================================================================
Received Import Request.
  Time since last request: 398.387476 seconds.
  path: Assets/Prefabs/Dog.prefab
  artifactKey: Guid(af7d710498281d04a91f5327bdb66037) Importer(815301076,1909f56bfc062723c751e8b465ee728b)
Start importing Assets/Prefabs/Dog.prefab using Guid(af7d710498281d04a91f5327bdb66037) Importer(815301076,1909f56bfc062723c751e8b465ee728b)  -> (artifact id: 'bc4f046221e58db7e2070840a80c3da7') in 0.139913 seconds 
========================================================================
Received Import Request.
  Time since last request: 0.000053 seconds.
  path: Assets/Prefabs/Kura.prefab
  artifactKey: Guid(757fce69d824fcd4b8dcdc28ece4e55f) Importer(815301076,1909f56bfc062723c751e8b465ee728b)
Start importing Assets/Prefabs/Kura.prefab using Guid(757fce69d824fcd4b8dcdc28ece4e55f) Importer(815301076,1909f56bfc062723c751e8b465ee728b)  -> (artifact id: '8f5e40fd88403ffd69cc08062332c920') in 0.024516 seconds 
========================================================================
Received Import Request.
  Time since last request: 0.000039 seconds.
  path: Assets/Prefabs/Kura 3.prefab
  artifactKey: Guid(cd12d30bdc2ee1b4bbdcefa5f6f432a7) Importer(815301076,1909f56bfc062723c751e8b465ee728b)
Start importing Assets/Prefabs/Kura 3.prefab using Guid(cd12d30bdc2ee1b4bbdcefa5f6f432a7) Importer(815301076,1909f56bfc062723c751e8b465ee728b)  -> (artifact id: '03740939444bd32754cca9fc7e3f2d0d') in 0.024433 seconds 
========================================================================
Received Import Request.
  Time since last request: 0.000081 seconds.
  path: Assets/Prefabs/Kura 4.prefab
  artifactKey: Guid(00568c3edabe6124fa3bf6c99c0b9d70) Importer(815301076,1909f56bfc062723c751e8b465ee728b)
Start importing Assets/Prefabs/Kura 4.prefab using Guid(00568c3edabe6124fa3bf6c99c0b9d70) Importer(815301076,1909f56bfc062723c751e8b465ee728b)  -> (artifact id: '18f655673d210a360a520f1aa4b11d78') in 0.026035 seconds 
Editor requested this worker to shutdown with reason: Scaling down because of idle timeout
AssetImportWorker is now disconnected from the server
Process exiting
Exiting without the bug reporter. Application will terminate with return code 0