Using pre-set license
Built from '2021.3/staging' branch; Version is '2021.3.20f1 (577897200b8b) revision 5732503'; Using compiler version '192829333'; Build Type 'Release'
OS: 'Windows 10  (10.0.19044) 64bit Core' Language: 'uk' Physical Memory: 15741 MB
BatchMode: 1, IsHumanControllingUs: 0, StartBugReporterOnCrash: 0, Is64bit: 1, IsPro: 1

COMMAND LINE ARGUMENTS:
C:\Program Files\Unity\Hub\Editor\2021.3.20f1\Editor\Unity.exe
-adb2
-batchMode
-noUpm
-name
AssetImportWorker2
-projectPath
C:/Users/Vlady/OneDrive/Документы/GitHub/Uniti_lb/Unity_ld_3.1/My project
-logFile
Logs/AssetImportWorker2.log
-srvPort
61070
Successfully changed project path to: C:/Users/Vlady/OneDrive/Документы/GitHub/Uniti_lb/Unity_ld_3.1/My project
C:/Users/Vlady/OneDrive/Документы/GitHub/Uniti_lb/Unity_ld_3.1/My project
[UnityMemory] Configuration Parameters - Can be set up in boot.config
    "memorysetup-bucket-allocator-granularity=16"
    "memorysetup-bucket-allocator-bucket-count=8"
    "memorysetup-bucket-allocator-block-size=33554432"
    "memorysetup-bucket-allocator-block-count=8"
    "memorysetup-main-allocator-block-size=16777216"
    "memorysetup-thread-allocator-block-size=16777216"
    "memorysetup-gfx-main-allocator-block-size=16777216"
    "memorysetup-gfx-thread-allocator-block-size=16777216"
    "memorysetup-cache-allocator-block-size=4194304"
    "memorysetup-typetree-allocator-block-size=2097152"
    "memorysetup-profiler-bucket-allocator-granularity=16"
    "memorysetup-profiler-bucket-allocator-bucket-count=8"
    "memorysetup-profiler-bucket-allocator-block-size=33554432"
    "memorysetup-profiler-bucket-allocator-block-count=8"
    "memorysetup-profiler-allocator-block-size=16777216"
    "memorysetup-profiler-editor-allocator-block-size=1048576"
    "memorysetup-temp-allocator-size-main=16777216"
    "memorysetup-job-temp-allocator-block-size=2097152"
    "memorysetup-job-temp-allocator-block-size-background=1048576"
    "memorysetup-job-temp-allocator-reduction-small-platforms=262144"
    "memorysetup-temp-allocator-size-background-worker=32768"
    "memorysetup-temp-allocator-size-job-worker=262144"
    "memorysetup-temp-allocator-size-preload-manager=33554432"
    "memorysetup-temp-allocator-size-nav-mesh-worker=65536"
    "memorysetup-temp-allocator-size-audio-worker=65536"
    "memorysetup-temp-allocator-size-cloud-worker=32768"
    "memorysetup-temp-allocator-size-gi-baking-worker=262144"
    "memorysetup-temp-allocator-size-gfx=262144"
Player connection [85532] Host "[IP] 192.168.56.1 [Port] 0 [Flags] 2 [Guid] 3229291225 [EditorId] 3229291225 [Version] 1048832 [Id] WindowsEditor(7,DESKTOP-E7NFHNV) [Debug] 1 [PackageName] WindowsEditor [ProjectName] Editor" joined multi-casting on [225.0.0.222:54997]...

Player connection [85532] Host "[IP] 192.168.56.1 [Port] 0 [Flags] 2 [Guid] 3229291225 [EditorId] 3229291225 [Version] 1048832 [Id] WindowsEditor(7,DESKTOP-E7NFHNV) [Debug] 1 [PackageName] WindowsEditor [ProjectName] Editor" joined alternative multi-casting on [225.0.0.222:34997]...

Refreshing native plugins compatible for Editor in 83.71 ms, found 3 plugins.
Preloading 0 native plugins for Editor in 0.00 ms.
Initialize engine version: 2021.3.20f1 (577897200b8b)
[Subsystems] Discovering subsystems at path C:/Program Files/Unity/Hub/Editor/2021.3.20f1/Editor/Data/Resources/UnitySubsystems
[Subsystems] Discovering subsystems at path C:/Users/Vlady/OneDrive/Документы/GitHub/Uniti_lb/Unity_ld_3.1/My project/Assets
GfxDevice: creating device client; threaded=0; jobified=0
Direct3D:
    Version:  Direct3D 11.0 [level 11.1]
    Renderer: NVIDIA GeForce GTX 1650 Ti (ID=0x1f95)
    Vendor:   NVIDIA
    VRAM:     3962 MB
    Driver:   31.0.15.1659
Initialize mono
Mono path[0] = 'C:/Program Files/Unity/Hub/Editor/2021.3.20f1/Editor/Data/Managed'
Mono path[1] = 'C:/Program Files/Unity/Hub/Editor/2021.3.20f1/Editor/Data/MonoBleedingEdge/lib/mono/unityjit-win32'
Mono config path = 'C:/Program Files/Unity/Hub/Editor/2021.3.20f1/Editor/Data/MonoBleedingEdge/etc'
Using monoOptions --debugger-agent=transport=dt_socket,embedding=1,server=y,suspend=n,address=127.0.0.1:56148
Begin MonoManager ReloadAssembly
Registering precompiled unity dll's ...
Register platform support module: C:/Program Files/Unity/Hub/Editor/2021.3.20f1/Editor/Data/PlaybackEngines/WebGLSupport/UnityEditor.WebGL.Extensions.dll
Register platform support module: C:/Program Files/Unity/Hub/Editor/2021.3.20f1/Editor/Data/PlaybackEngines/AndroidPlayer/UnityEditor.Android.Extensions.dll
Register platform support module: C:/Program Files/Unity/Hub/Editor/2021.3.20f1/Editor/Data/PlaybackEngines/WindowsStandaloneSupport/UnityEditor.WindowsStandalone.Extensions.dll
Registered in 0.008381 seconds.
Native extension for WindowsStandalone target not found
Native extension for Android target not found
Android Extension - Scanning For ADB Devices 442 ms
Native extension for WebGL target not found
Refreshing native plugins compatible for Editor in 84.15 ms, found 3 plugins.
Preloading 0 native plugins for Editor in 0.00 ms.
Mono: successfully reloaded assembly
- Completed reload, in  1.482 seconds
Domain Reload Profiling:
	ReloadAssembly (1483ms)
		BeginReloadAssembly (93ms)
			ExecutionOrderSort (0ms)
			DisableScriptedObjects (0ms)
			BackupInstance (0ms)
			ReleaseScriptingObjects (0ms)
			CreateAndSetChildDomain (1ms)
		EndReloadAssembly (1152ms)
			LoadAssemblies (91ms)
			RebuildTransferFunctionScriptingTraits (0ms)
			SetupTypeCache (283ms)
			ReleaseScriptCaches (0ms)
			RebuildScriptCaches (29ms)
			SetupLoadedEditorAssemblies (783ms)
				LogAssemblyErrors (0ms)
				InitializePlatformSupportModulesInManaged (541ms)
				SetLoadedEditorAssemblies (0ms)
				RefreshPlugins (84ms)
				BeforeProcessingInitializeOnLoad (1ms)
				ProcessInitializeOnLoadAttributes (94ms)
				ProcessInitializeOnLoadMethodAttributes (62ms)
				AfterProcessingInitializeOnLoad (0ms)
				EditorAssembliesLoaded (0ms)
			ExecutionOrderSort2 (0ms)
			AwakeInstancesAfterBackupRestoration (0ms)
Platform modules already initialized, skipping
Registering precompiled user dll's ...
Registered in 0.008813 seconds.
Begin MonoManager ReloadAssembly
Symbol file LoadedFromMemory doesn't match image C:\Users\Vlady\OneDrive\Документы\GitHub\Uniti_lb\Unity_ld_3.1\My project\Library\PackageCache\com.unity.visualscripting@1.8.0\Editor\VisualScripting.Core\Dependencies\YamlDotNet\Unity.VisualScripting.YamlDotNet.dll
Symbol file LoadedFromMemory doesn't match image C:\Users\Vlady\OneDrive\Документы\GitHub\Uniti_lb\Unity_ld_3.1\My project\Library\PackageCache\com.unity.visualscripting@1.8.0\Editor\VisualScripting.Core\Dependencies\DotNetZip\Unity.VisualScripting.IonicZip.dll
Native extension for WindowsStandalone target not found
Native extension for Android target not found
Native extension for WebGL target not found
Refreshing native plugins compatible for Editor in 0.62 ms, found 3 plugins.
Preloading 0 native plugins for Editor in 0.00 ms.
Mono: successfully reloaded assembly
- Completed reload, in  1.247 seconds
Domain Reload Profiling:
	ReloadAssembly (1248ms)
		BeginReloadAssembly (137ms)
			ExecutionOrderSort (0ms)
			DisableScriptedObjects (6ms)
			BackupInstance (0ms)
			ReleaseScriptingObjects (0ms)
			CreateAndSetChildDomain (25ms)
		EndReloadAssembly (981ms)
			LoadAssemblies (106ms)
			RebuildTransferFunctionScriptingTraits (0ms)
			SetupTypeCache (355ms)
			ReleaseScriptCaches (1ms)
			RebuildScriptCaches (51ms)
			SetupLoadedEditorAssemblies (426ms)
				LogAssemblyErrors (0ms)
				InitializePlatformSupportModulesInManaged (21ms)
				SetLoadedEditorAssemblies (0ms)
				RefreshPlugins (1ms)
				BeforeProcessingInitializeOnLoad (93ms)
				ProcessInitializeOnLoadAttributes (283ms)
				ProcessInitializeOnLoadMethodAttributes (19ms)
				AfterProcessingInitializeOnLoad (8ms)
				EditorAssembliesLoaded (0ms)
			ExecutionOrderSort2 (0ms)
			AwakeInstancesAfterBackupRestoration (5ms)
Platform modules already initialized, skipping
========================================================================
Worker process is ready to serve import requests
Launched and connected shader compiler UnityShaderCompiler.exe after 0.08 seconds
Refreshing native plugins compatible for Editor in 0.94 ms, found 3 plugins.
Preloading 0 native plugins for Editor in 0.00 ms.
Unloading 3086 Unused Serialized files (Serialized files now loaded: 0)
Unloading 35 unused Assets / (113.7 KB). Loaded Objects now: 3538.
Memory consumption went from 109.9 MB to 109.8 MB.
Total: 3.370200 ms (FindLiveObjects: 0.367300 ms CreateObjectMapping: 0.117600 ms MarkObjects: 2.752700 ms  DeleteObjects: 0.131300 ms)

AssetImportParameters requested are different than current active one (requested -> active):
  custom:video-decoder-ogg-theora: a1e56fd34408186e4bbccfd4996cb3dc -> 
  custom:container-muxer-webm: aa71ff27fc2769a1b78a27578f13a17b -> 
  custom:container-demuxer-webm: 4f35f7cbe854078d1ac9338744f61a02 -> 
  custom:video-encoder-webm-vp8: eb34c28f22e8b96e1ab97ce403110664 -> 
  custom:audio-encoder-webm-vorbis: bf7c407c2cedff20999df2af8eb42d56 -> 
  custom:framework-win-MediaFoundation: 216162199b28c13a410421893ffa2e32 -> 
  custom:container-demuxer-ogg: 62fdf1f143b41e24485cea50d1cbac27 -> 
  custom:video-decoder-webm-vp8: 9c59270c3fd7afecdb556c50c9e8de78 -> 
  custom:audio-decoder-ogg-vorbis: bf7c407c2cedff20999df2af8eb42d56 -> 
========================================================================
Received Import Request.
  Time since last request: 1176404.363684 seconds.
  path: Assets/Prefabs/Kura.prefab
  artifactKey: Guid(757fce69d824fcd4b8dcdc28ece4e55f) Importer(815301076,1909f56bfc062723c751e8b465ee728b)
Start importing Assets/Prefabs/Kura.prefab using Guid(757fce69d824fcd4b8dcdc28ece4e55f) Importer(815301076,1909f56bfc062723c751e8b465ee728b)  -> (artifact id: '687ac38a9f8bc69f85d0e80179a507cd') in 0.131801 seconds 
========================================================================
Received Import Request.
  Time since last request: 9.103248 seconds.
  path: Assets/Prefabs/Kura.prefab
  artifactKey: Guid(757fce69d824fcd4b8dcdc28ece4e55f) Importer(815301076,1909f56bfc062723c751e8b465ee728b)
Start importing Assets/Prefabs/Kura.prefab using Guid(757fce69d824fcd4b8dcdc28ece4e55f) Importer(815301076,1909f56bfc062723c751e8b465ee728b)  -> (artifact id: '752abbdd4f0ad49a3a85f1bad9ecfe2b') in 0.018528 seconds 
========================================================================
Received Import Request.
  Time since last request: 5.252781 seconds.
  path: Assets/Prefabs/Kura.prefab
  artifactKey: Guid(757fce69d824fcd4b8dcdc28ece4e55f) Importer(815301076,1909f56bfc062723c751e8b465ee728b)
Start importing Assets/Prefabs/Kura.prefab using Guid(757fce69d824fcd4b8dcdc28ece4e55f) Importer(815301076,1909f56bfc062723c751e8b465ee728b)  -> (artifact id: 'd451d4b379ba018ebeb0d04995459144') in 0.014309 seconds 
========================================================================
Received Import Request.
  Time since last request: 3.587645 seconds.
  path: Assets/Prefabs/Kura.prefab
  artifactKey: Guid(757fce69d824fcd4b8dcdc28ece4e55f) Importer(815301076,1909f56bfc062723c751e8b465ee728b)
Start importing Assets/Prefabs/Kura.prefab using Guid(757fce69d824fcd4b8dcdc28ece4e55f) Importer(815301076,1909f56bfc062723c751e8b465ee728b)  -> (artifact id: '85f4b1f4f505340740f4ffde91ea97aa') in 0.013458 seconds 
========================================================================
Received Import Request.
  Time since last request: 8.241808 seconds.
  path: Assets/Prefabs/Kura.prefab
  artifactKey: Guid(757fce69d824fcd4b8dcdc28ece4e55f) Importer(815301076,1909f56bfc062723c751e8b465ee728b)
Start importing Assets/Prefabs/Kura.prefab using Guid(757fce69d824fcd4b8dcdc28ece4e55f) Importer(815301076,1909f56bfc062723c751e8b465ee728b)  -> (artifact id: '83dddafd4f1ac482500501688ac588b9') in 0.016925 seconds 
========================================================================
Received Import Request.
  Time since last request: 2.819977 seconds.
  path: Assets/Prefabs/Kura.prefab
  artifactKey: Guid(757fce69d824fcd4b8dcdc28ece4e55f) Importer(815301076,1909f56bfc062723c751e8b465ee728b)
Start importing Assets/Prefabs/Kura.prefab using Guid(757fce69d824fcd4b8dcdc28ece4e55f) Importer(815301076,1909f56bfc062723c751e8b465ee728b)  -> (artifact id: 'c2e56e7fb63d1cb040aed6e21e4532c5') in 0.016080 seconds 
========================================================================
Received Import Request.
  Time since last request: 7.468241 seconds.
  path: Assets/Prefabs/Kura.prefab
  artifactKey: Guid(757fce69d824fcd4b8dcdc28ece4e55f) Importer(815301076,1909f56bfc062723c751e8b465ee728b)
Start importing Assets/Prefabs/Kura.prefab using Guid(757fce69d824fcd4b8dcdc28ece4e55f) Importer(815301076,1909f56bfc062723c751e8b465ee728b)  -> (artifact id: 'ce6a2bea284f738c1c4cfd1fa4297593') in 0.016537 seconds 
========================================================================
Received Import Request.
  Time since last request: 14.303792 seconds.
  path: Assets/Prefabs/Kura.prefab
  artifactKey: Guid(757fce69d824fcd4b8dcdc28ece4e55f) Importer(815301076,1909f56bfc062723c751e8b465ee728b)
Start importing Assets/Prefabs/Kura.prefab using Guid(757fce69d824fcd4b8dcdc28ece4e55f) Importer(815301076,1909f56bfc062723c751e8b465ee728b)  -> (artifact id: 'c7830dd11fd08a03edbe742dc99645ee') in 0.017469 seconds 
========================================================================
Received Import Request.
  Time since last request: 11.470958 seconds.
  path: Assets/Prefabs/Kura.prefab
  artifactKey: Guid(757fce69d824fcd4b8dcdc28ece4e55f) Importer(815301076,1909f56bfc062723c751e8b465ee728b)
Start importing Assets/Prefabs/Kura.prefab using Guid(757fce69d824fcd4b8dcdc28ece4e55f) Importer(815301076,1909f56bfc062723c751e8b465ee728b)  -> (artifact id: '3c8c53be6efa04dc41a9e7802359d045') in 0.016136 seconds 
========================================================================
Received Import Request.
  Time since last request: 4.814404 seconds.
  path: Assets/Prefabs/Kura.prefab
  artifactKey: Guid(757fce69d824fcd4b8dcdc28ece4e55f) Importer(815301076,1909f56bfc062723c751e8b465ee728b)
Start importing Assets/Prefabs/Kura.prefab using Guid(757fce69d824fcd4b8dcdc28ece4e55f) Importer(815301076,1909f56bfc062723c751e8b465ee728b)  -> (artifact id: 'eead41701aefed922e0828e4ced966d6') in 0.016205 seconds 
========================================================================
Received Import Request.
  Time since last request: 1.187832 seconds.
  path: Assets/Prefabs/Kura.prefab
  artifactKey: Guid(757fce69d824fcd4b8dcdc28ece4e55f) Importer(815301076,1909f56bfc062723c751e8b465ee728b)
Start importing Assets/Prefabs/Kura.prefab using Guid(757fce69d824fcd4b8dcdc28ece4e55f) Importer(815301076,1909f56bfc062723c751e8b465ee728b)  -> (artifact id: '5a4c3df314092f96284559244387481c') in 0.013815 seconds 
========================================================================
Received Import Request.
  Time since last request: 18.363784 seconds.
  path: Assets/Prefabs/Kura.prefab
  artifactKey: Guid(757fce69d824fcd4b8dcdc28ece4e55f) Importer(815301076,1909f56bfc062723c751e8b465ee728b)
Start importing Assets/Prefabs/Kura.prefab using Guid(757fce69d824fcd4b8dcdc28ece4e55f) Importer(815301076,1909f56bfc062723c751e8b465ee728b)  -> (artifact id: 'cc0452df86ceab0b38f8876634127460') in 0.015745 seconds 
========================================================================
Received Import Request.
  Time since last request: 5.015107 seconds.
  path: Assets/Prefabs/Kura.prefab
  artifactKey: Guid(757fce69d824fcd4b8dcdc28ece4e55f) Importer(815301076,1909f56bfc062723c751e8b465ee728b)
Start importing Assets/Prefabs/Kura.prefab using Guid(757fce69d824fcd4b8dcdc28ece4e55f) Importer(815301076,1909f56bfc062723c751e8b465ee728b)  -> (artifact id: '665174aacc8bf1ab121068443b28fb1b') in 0.016150 seconds 
========================================================================
Received Import Request.
  Time since last request: 1.996547 seconds.
  path: Assets/Prefabs/Kura.prefab
  artifactKey: Guid(757fce69d824fcd4b8dcdc28ece4e55f) Importer(815301076,1909f56bfc062723c751e8b465ee728b)
Start importing Assets/Prefabs/Kura.prefab using Guid(757fce69d824fcd4b8dcdc28ece4e55f) Importer(815301076,1909f56bfc062723c751e8b465ee728b)  -> (artifact id: 'd9563fdaa998b5887a4b9f2f73dbe3fb') in 0.017018 seconds 
========================================================================
Received Import Request.
  Time since last request: 5.234291 seconds.
  path: Assets/Prefabs/Kura.prefab
  artifactKey: Guid(757fce69d824fcd4b8dcdc28ece4e55f) Importer(815301076,1909f56bfc062723c751e8b465ee728b)
Start importing Assets/Prefabs/Kura.prefab using Guid(757fce69d824fcd4b8dcdc28ece4e55f) Importer(815301076,1909f56bfc062723c751e8b465ee728b)  -> (artifact id: '32fabe6f19fca7d40072e906d16e4165') in 0.016466 seconds 
========================================================================
Received Import Request.
  Time since last request: 10.661115 seconds.
  path: Assets/Prefabs/Kura.prefab
  artifactKey: Guid(757fce69d824fcd4b8dcdc28ece4e55f) Importer(815301076,1909f56bfc062723c751e8b465ee728b)
Start importing Assets/Prefabs/Kura.prefab using Guid(757fce69d824fcd4b8dcdc28ece4e55f) Importer(815301076,1909f56bfc062723c751e8b465ee728b)  -> (artifact id: '00494c8ef68ea91bb2a2ab02d24a4e54') in 0.016838 seconds 
========================================================================
Received Import Request.
  Time since last request: 3.629059 seconds.
  path: Assets/Prefabs/Kura.prefab
  artifactKey: Guid(757fce69d824fcd4b8dcdc28ece4e55f) Importer(815301076,1909f56bfc062723c751e8b465ee728b)
Start importing Assets/Prefabs/Kura.prefab using Guid(757fce69d824fcd4b8dcdc28ece4e55f) Importer(815301076,1909f56bfc062723c751e8b465ee728b)  -> (artifact id: '1af9d06004d3cc43fcd9235faddd7f6c') in 0.016983 seconds 
========================================================================
Received Import Request.
  Time since last request: 7.846497 seconds.
  path: Assets/Prefabs/Kura.prefab
  artifactKey: Guid(757fce69d824fcd4b8dcdc28ece4e55f) Importer(815301076,1909f56bfc062723c751e8b465ee728b)
Start importing Assets/Prefabs/Kura.prefab using Guid(757fce69d824fcd4b8dcdc28ece4e55f) Importer(815301076,1909f56bfc062723c751e8b465ee728b)  -> (artifact id: 'a4343daa7e1abe887ec128fddb5ef29a') in 0.013511 seconds 
========================================================================
Received Import Request.
  Time since last request: 12.503975 seconds.
  path: Assets/Prefabs/Kura 4.prefab
  artifactKey: Guid(00568c3edabe6124fa3bf6c99c0b9d70) Importer(815301076,1909f56bfc062723c751e8b465ee728b)
Start importing Assets/Prefabs/Kura 4.prefab using Guid(00568c3edabe6124fa3bf6c99c0b9d70) Importer(815301076,1909f56bfc062723c751e8b465ee728b)  -> (artifact id: '5a8c9e49f9a3d833facd792243677d55') in 0.018520 seconds 
========================================================================
Received Import Request.
  Time since last request: 3.202522 seconds.
  path: Assets/Prefabs/Kura 4.prefab
  artifactKey: Guid(00568c3edabe6124fa3bf6c99c0b9d70) Importer(815301076,1909f56bfc062723c751e8b465ee728b)
Start importing Assets/Prefabs/Kura 4.prefab using Guid(00568c3edabe6124fa3bf6c99c0b9d70) Importer(815301076,1909f56bfc062723c751e8b465ee728b)  -> (artifact id: 'cecaad316526da1ff57e9f9909d21b71') in 0.016219 seconds 
========================================================================
Received Import Request.
  Time since last request: 1.894206 seconds.
  path: Assets/Prefabs/Kura 4.prefab
  artifactKey: Guid(00568c3edabe6124fa3bf6c99c0b9d70) Importer(815301076,1909f56bfc062723c751e8b465ee728b)
Start importing Assets/Prefabs/Kura 4.prefab using Guid(00568c3edabe6124fa3bf6c99c0b9d70) Importer(815301076,1909f56bfc062723c751e8b465ee728b)  -> (artifact id: 'e82ddcea6f97c3a92e9c567d07712332') in 0.016040 seconds 
========================================================================
Received Import Request.
  Time since last request: 8.614154 seconds.
  path: Assets/Prefabs/Kura 2.prefab
  artifactKey: Guid(5f73ee310bfd0894f9621e14b3f5a1e4) Importer(815301076,1909f56bfc062723c751e8b465ee728b)
Start importing Assets/Prefabs/Kura 2.prefab using Guid(5f73ee310bfd0894f9621e14b3f5a1e4) Importer(815301076,1909f56bfc062723c751e8b465ee728b)  -> (artifact id: 'c5bd0e2c5070c305f942ccc2f4a3a1ff') in 0.018485 seconds 
========================================================================
Received Import Request.
  Time since last request: 0.557485 seconds.
  path: Assets/Prefabs/Kura 2.prefab
  artifactKey: Guid(5f73ee310bfd0894f9621e14b3f5a1e4) Importer(815301076,1909f56bfc062723c751e8b465ee728b)
Start importing Assets/Prefabs/Kura 2.prefab using Guid(5f73ee310bfd0894f9621e14b3f5a1e4) Importer(815301076,1909f56bfc062723c751e8b465ee728b)  -> (artifact id: '78e826aeb1e49629f1b3e0fdfe44722f') in 0.015434 seconds 
========================================================================
Received Import Request.
  Time since last request: 1.219223 seconds.
  path: Assets/Prefabs/Kura 2.prefab
  artifactKey: Guid(5f73ee310bfd0894f9621e14b3f5a1e4) Importer(815301076,1909f56bfc062723c751e8b465ee728b)
Start importing Assets/Prefabs/Kura 2.prefab using Guid(5f73ee310bfd0894f9621e14b3f5a1e4) Importer(815301076,1909f56bfc062723c751e8b465ee728b)  -> (artifact id: '6e48a58ebe66ed5e55e37facb66a33bc') in 0.015717 seconds 
========================================================================
Received Import Request.
  Time since last request: 2.218692 seconds.
  path: Assets/Prefabs/Kura 3.prefab
  artifactKey: Guid(cd12d30bdc2ee1b4bbdcefa5f6f432a7) Importer(815301076,1909f56bfc062723c751e8b465ee728b)
Start importing Assets/Prefabs/Kura 3.prefab using Guid(cd12d30bdc2ee1b4bbdcefa5f6f432a7) Importer(815301076,1909f56bfc062723c751e8b465ee728b)  -> (artifact id: '58d232f271024f69e02d674e597b2857') in 0.018565 seconds 
========================================================================
Received Import Request.
  Time since last request: 0.967294 seconds.
  path: Assets/Prefabs/Kura 3.prefab
  artifactKey: Guid(cd12d30bdc2ee1b4bbdcefa5f6f432a7) Importer(815301076,1909f56bfc062723c751e8b465ee728b)
Start importing Assets/Prefabs/Kura 3.prefab using Guid(cd12d30bdc2ee1b4bbdcefa5f6f432a7) Importer(815301076,1909f56bfc062723c751e8b465ee728b)  -> (artifact id: '3f272002dd5a12abc7d23f0126fd8c8b') in 0.017329 seconds 
========================================================================
Received Import Request.
  Time since last request: 1.820060 seconds.
  path: Assets/Prefabs/Kura 3.prefab
  artifactKey: Guid(cd12d30bdc2ee1b4bbdcefa5f6f432a7) Importer(815301076,1909f56bfc062723c751e8b465ee728b)
Start importing Assets/Prefabs/Kura 3.prefab using Guid(cd12d30bdc2ee1b4bbdcefa5f6f432a7) Importer(815301076,1909f56bfc062723c751e8b465ee728b)  -> (artifact id: '50661acae11b5ff512671b73a10742b6') in 0.016815 seconds 
========================================================================
Received Import Request.
  Time since last request: 6.317821 seconds.
  path: Assets/Prefabs/Dog.prefab
  artifactKey: Guid(af7d710498281d04a91f5327bdb66037) Importer(815301076,1909f56bfc062723c751e8b465ee728b)
Start importing Assets/Prefabs/Dog.prefab using Guid(af7d710498281d04a91f5327bdb66037) Importer(815301076,1909f56bfc062723c751e8b465ee728b)  -> (artifact id: '924bc9babbc61e01a5d0eff9364eda12') in 0.040558 seconds 
========================================================================
Received Import Request.
  Time since last request: 0.957835 seconds.
  path: Assets/Prefabs/Dog.prefab
  artifactKey: Guid(af7d710498281d04a91f5327bdb66037) Importer(815301076,1909f56bfc062723c751e8b465ee728b)
Start importing Assets/Prefabs/Dog.prefab using Guid(af7d710498281d04a91f5327bdb66037) Importer(815301076,1909f56bfc062723c751e8b465ee728b)  -> (artifact id: 'a65c81ffe745b77c7652bf4ae88e7616') in 0.036167 seconds 
========================================================================
Received Import Request.
  Time since last request: 2.860354 seconds.
  path: Assets/Prefabs/Dog.prefab
  artifactKey: Guid(af7d710498281d04a91f5327bdb66037) Importer(815301076,1909f56bfc062723c751e8b465ee728b)
Start importing Assets/Prefabs/Dog.prefab using Guid(af7d710498281d04a91f5327bdb66037) Importer(815301076,1909f56bfc062723c751e8b465ee728b)  -> (artifact id: '4b56513b0468b075e0c4412643280e4a') in 0.032841 seconds 
========================================================================
Received Prepare
Registering precompiled user dll's ...
Registered in 0.008071 seconds.
Begin MonoManager ReloadAssembly
Symbol file LoadedFromMemory doesn't match image C:\Users\Vlady\OneDrive\Документы\GitHub\Uniti_lb\Unity_ld_3.1\My project\Library\PackageCache\com.unity.visualscripting@1.8.0\Editor\VisualScripting.Core\Dependencies\YamlDotNet\Unity.VisualScripting.YamlDotNet.dll
Symbol file LoadedFromMemory doesn't match image C:\Users\Vlady\OneDrive\Документы\GitHub\Uniti_lb\Unity_ld_3.1\My project\Library\PackageCache\com.unity.visualscripting@1.8.0\Editor\VisualScripting.Core\Dependencies\DotNetZip\Unity.VisualScripting.IonicZip.dll
Native extension for WindowsStandalone target not found
Native extension for Android target not found
Native extension for WebGL target not found
Refreshing native plugins compatible for Editor in 0.60 ms, found 3 plugins.
Preloading 0 native plugins for Editor in 0.00 ms.
Mono: successfully reloaded assembly
- Completed reload, in  0.981 seconds
Domain Reload Profiling:
	ReloadAssembly (982ms)
		BeginReloadAssembly (150ms)
			ExecutionOrderSort (0ms)
			DisableScriptedObjects (8ms)
			BackupInstance (0ms)
			ReleaseScriptingObjects (0ms)
			CreateAndSetChildDomain (38ms)
		EndReloadAssembly (736ms)
			LoadAssemblies (95ms)
			RebuildTransferFunctionScriptingTraits (0ms)
			SetupTypeCache (245ms)
			ReleaseScriptCaches (1ms)
			RebuildScriptCaches (35ms)
			SetupLoadedEditorAssemblies (326ms)
				LogAssemblyErrors (0ms)
				InitializePlatformSupportModulesInManaged (18ms)
				SetLoadedEditorAssemblies (0ms)
				RefreshPlugins (1ms)
				BeforeProcessingInitializeOnLoad (66ms)
				ProcessInitializeOnLoadAttributes (217ms)
				ProcessInitializeOnLoadMethodAttributes (15ms)
				AfterProcessingInitializeOnLoad (8ms)
				EditorAssembliesLoaded (0ms)
			ExecutionOrderSort2 (0ms)
			AwakeInstancesAfterBackupRestoration (5ms)
Platform modules already initialized, skipping
Refreshing native plugins compatible for Editor in 3.40 ms, found 3 plugins.
Preloading 0 native plugins for Editor in 0.00 ms.
Unloading 3081 Unused Serialized files (Serialized files now loaded: 0)
Unloading 27 unused Assets / (80.2 KB). Loaded Objects now: 3550.
Memory consumption went from 127.1 MB to 127.0 MB.
Total: 4.900900 ms (FindLiveObjects: 0.509300 ms CreateObjectMapping: 0.179600 ms MarkObjects: 4.022800 ms  DeleteObjects: 0.186100 ms)

AssetImportParameters requested are different than current active one (requested -> active):
  custom:video-decoder-ogg-theora: a1e56fd34408186e4bbccfd4996cb3dc -> 
  custom:container-muxer-webm: aa71ff27fc2769a1b78a27578f13a17b -> 
  custom:container-demuxer-webm: 4f35f7cbe854078d1ac9338744f61a02 -> 
  custom:video-encoder-webm-vp8: eb34c28f22e8b96e1ab97ce403110664 -> 
  custom:audio-encoder-webm-vorbis: bf7c407c2cedff20999df2af8eb42d56 -> 
  custom:framework-win-MediaFoundation: 216162199b28c13a410421893ffa2e32 -> 
  custom:container-demuxer-ogg: 62fdf1f143b41e24485cea50d1cbac27 -> 
  custom:video-decoder-webm-vp8: 9c59270c3fd7afecdb556c50c9e8de78 -> 
  custom:audio-decoder-ogg-vorbis: bf7c407c2cedff20999df2af8eb42d56 -> 
========================================================================
Received Import Request.
  Time since last request: 212.448663 seconds.
  path: Assets/Scripts/DestroyOutOfBounds.cs
  artifactKey: Guid(ef9818e67e9be9f48935c0080ba05ce3) Importer(815301076,1909f56bfc062723c751e8b465ee728b)
Start importing Assets/Scripts/DestroyOutOfBounds.cs using Guid(ef9818e67e9be9f48935c0080ba05ce3) Importer(815301076,1909f56bfc062723c751e8b465ee728b)  -> (artifact id: 'a20d0594b7d6018d12c737231d99986d') in 0.025565 seconds 
========================================================================
Received Prepare
Registering precompiled user dll's ...
Registered in 0.008244 seconds.
Begin MonoManager ReloadAssembly
Symbol file LoadedFromMemory doesn't match image C:\Users\Vlady\OneDrive\Документы\GitHub\Uniti_lb\Unity_ld_3.1\My project\Library\PackageCache\com.unity.visualscripting@1.8.0\Editor\VisualScripting.Core\Dependencies\YamlDotNet\Unity.VisualScripting.YamlDotNet.dll
Symbol file LoadedFromMemory doesn't match image C:\Users\Vlady\OneDrive\Документы\GitHub\Uniti_lb\Unity_ld_3.1\My project\Library\PackageCache\com.unity.visualscripting@1.8.0\Editor\VisualScripting.Core\Dependencies\DotNetZip\Unity.VisualScripting.IonicZip.dll
Native extension for WindowsStandalone target not found
Native extension for Android target not found
Native extension for WebGL target not found
Refreshing native plugins compatible for Editor in 0.61 ms, found 3 plugins.
Preloading 0 native plugins for Editor in 0.00 ms.
Mono: successfully reloaded assembly
- Completed reload, in  0.985 seconds
Domain Reload Profiling:
	ReloadAssembly (985ms)
		BeginReloadAssembly (137ms)
			ExecutionOrderSort (0ms)
			DisableScriptedObjects (5ms)
			BackupInstance (0ms)
			ReleaseScriptingObjects (0ms)
			CreateAndSetChildDomain (34ms)
		EndReloadAssembly (755ms)
			LoadAssemblies (89ms)
			RebuildTransferFunctionScriptingTraits (0ms)
			SetupTypeCache (244ms)
			ReleaseScriptCaches (1ms)
			RebuildScriptCaches (36ms)
			SetupLoadedEditorAssemblies (342ms)
				LogAssemblyErrors (0ms)
				InitializePlatformSupportModulesInManaged (19ms)
				SetLoadedEditorAssemblies (0ms)
				RefreshPlugins (1ms)
				BeforeProcessingInitializeOnLoad (69ms)
				ProcessInitializeOnLoadAttributes (230ms)
				ProcessInitializeOnLoadMethodAttributes (16ms)
				AfterProcessingInitializeOnLoad (8ms)
				EditorAssembliesLoaded (0ms)
			ExecutionOrderSort2 (0ms)
			AwakeInstancesAfterBackupRestoration (5ms)
Platform modules already initialized, skipping
Refreshing native plugins compatible for Editor in 2.41 ms, found 3 plugins.
Preloading 0 native plugins for Editor in 0.00 ms.
Unloading 3081 Unused Serialized files (Serialized files now loaded: 0)
Unloading 27 unused Assets / (80.1 KB). Loaded Objects now: 3553.
Memory consumption went from 127.1 MB to 127.0 MB.
Total: 3.306400 ms (FindLiveObjects: 0.303200 ms CreateObjectMapping: 0.071800 ms MarkObjects: 2.812800 ms  DeleteObjects: 0.117600 ms)

AssetImportParameters requested are different than current active one (requested -> active):
  custom:video-decoder-ogg-theora: a1e56fd34408186e4bbccfd4996cb3dc -> 
  custom:container-muxer-webm: aa71ff27fc2769a1b78a27578f13a17b -> 
  custom:container-demuxer-webm: 4f35f7cbe854078d1ac9338744f61a02 -> 
  custom:video-encoder-webm-vp8: eb34c28f22e8b96e1ab97ce403110664 -> 
  custom:audio-encoder-webm-vorbis: bf7c407c2cedff20999df2af8eb42d56 -> 
  custom:framework-win-MediaFoundation: 216162199b28c13a410421893ffa2e32 -> 
  custom:container-demuxer-ogg: 62fdf1f143b41e24485cea50d1cbac27 -> 
  custom:video-decoder-webm-vp8: 9c59270c3fd7afecdb556c50c9e8de78 -> 
  custom:audio-decoder-ogg-vorbis: bf7c407c2cedff20999df2af8eb42d56 -> 
========================================================================
Received Import Request.
  Time since last request: 5.504307 seconds.
  path: Assets/Scripts/DestroyOutOfBounds.cs
  artifactKey: Guid(ef9818e67e9be9f48935c0080ba05ce3) Importer(815301076,1909f56bfc062723c751e8b465ee728b)
Start importing Assets/Scripts/DestroyOutOfBounds.cs using Guid(ef9818e67e9be9f48935c0080ba05ce3) Importer(815301076,1909f56bfc062723c751e8b465ee728b)  -> (artifact id: '31033af828690bf1a835805128d86139') in 0.009132 seconds 
========================================================================
Received Prepare
Registering precompiled user dll's ...
Registered in 0.008455 seconds.
Begin MonoManager ReloadAssembly
Symbol file LoadedFromMemory doesn't match image C:\Users\Vlady\OneDrive\Документы\GitHub\Uniti_lb\Unity_ld_3.1\My project\Library\PackageCache\com.unity.visualscripting@1.8.0\Editor\VisualScripting.Core\Dependencies\YamlDotNet\Unity.VisualScripting.YamlDotNet.dll
Symbol file LoadedFromMemory doesn't match image C:\Users\Vlady\OneDrive\Документы\GitHub\Uniti_lb\Unity_ld_3.1\My project\Library\PackageCache\com.unity.visualscripting@1.8.0\Editor\VisualScripting.Core\Dependencies\DotNetZip\Unity.VisualScripting.IonicZip.dll
Native extension for WindowsStandalone target not found
Native extension for Android target not found
Native extension for WebGL target not found
Refreshing native plugins compatible for Editor in 0.63 ms, found 3 plugins.
Preloading 0 native plugins for Editor in 0.00 ms.
Mono: successfully reloaded assembly
- Completed reload, in  0.980 seconds
Domain Reload Profiling:
	ReloadAssembly (981ms)
		BeginReloadAssembly (141ms)
			ExecutionOrderSort (0ms)
			DisableScriptedObjects (5ms)
			BackupInstance (0ms)
			ReleaseScriptingObjects (0ms)
			CreateAndSetChildDomain (35ms)
		EndReloadAssembly (744ms)
			LoadAssemblies (96ms)
			RebuildTransferFunctionScriptingTraits (0ms)
			SetupTypeCache (237ms)
			ReleaseScriptCaches (1ms)
			RebuildScriptCaches (42ms)
			SetupLoadedEditorAssemblies (331ms)
				LogAssemblyErrors (0ms)
				InitializePlatformSupportModulesInManaged (18ms)
				SetLoadedEditorAssemblies (1ms)
				RefreshPlugins (1ms)
				BeforeProcessingInitializeOnLoad (70ms)
				ProcessInitializeOnLoadAttributes (218ms)
				ProcessInitializeOnLoadMethodAttributes (15ms)
				AfterProcessingInitializeOnLoad (7ms)
				EditorAssembliesLoaded (0ms)
			ExecutionOrderSort2 (0ms)
			AwakeInstancesAfterBackupRestoration (5ms)
Platform modules already initialized, skipping
Refreshing native plugins compatible for Editor in 2.02 ms, found 3 plugins.
Preloading 0 native plugins for Editor in 0.00 ms.
Unloading 3081 Unused Serialized files (Serialized files now loaded: 0)
Unloading 27 unused Assets / (80.2 KB). Loaded Objects now: 3556.
Memory consumption went from 127.1 MB to 127.0 MB.
Total: 3.087700 ms (FindLiveObjects: 0.269900 ms CreateObjectMapping: 0.080100 ms MarkObjects: 2.629700 ms  DeleteObjects: 0.106500 ms)

AssetImportParameters requested are different than current active one (requested -> active):
  custom:video-decoder-ogg-theora: a1e56fd34408186e4bbccfd4996cb3dc -> 
  custom:container-muxer-webm: aa71ff27fc2769a1b78a27578f13a17b -> 
  custom:container-demuxer-webm: 4f35f7cbe854078d1ac9338744f61a02 -> 
  custom:video-encoder-webm-vp8: eb34c28f22e8b96e1ab97ce403110664 -> 
  custom:audio-encoder-webm-vorbis: bf7c407c2cedff20999df2af8eb42d56 -> 
  custom:framework-win-MediaFoundation: 216162199b28c13a410421893ffa2e32 -> 
  custom:container-demuxer-ogg: 62fdf1f143b41e24485cea50d1cbac27 -> 
  custom:video-decoder-webm-vp8: 9c59270c3fd7afecdb556c50c9e8de78 -> 
  custom:audio-decoder-ogg-vorbis: bf7c407c2cedff20999df2af8eb42d56 -> 
========================================================================
Received Import Request.
  Time since last request: 35.195258 seconds.
  path: Assets/Prefabs/Dog.prefab
  artifactKey: Guid(af7d710498281d04a91f5327bdb66037) Importer(815301076,1909f56bfc062723c751e8b465ee728b)
Start importing Assets/Prefabs/Dog.prefab using Guid(af7d710498281d04a91f5327bdb66037) Importer(815301076,1909f56bfc062723c751e8b465ee728b)  -> (artifact id: '7a19500ae281490225f0ddab69471ad2') in 0.115967 seconds 
========================================================================
Received Import Request.
  Time since last request: 0.000058 seconds.
  path: Assets/Prefabs/Kura 3.prefab
  artifactKey: Guid(cd12d30bdc2ee1b4bbdcefa5f6f432a7) Importer(815301076,1909f56bfc062723c751e8b465ee728b)
Start importing Assets/Prefabs/Kura 3.prefab using Guid(cd12d30bdc2ee1b4bbdcefa5f6f432a7) Importer(815301076,1909f56bfc062723c751e8b465ee728b)  -> (artifact id: 'f493274ab147890b80a89112fd15ca92') in 0.016678 seconds 
========================================================================
Received Import Request.
  Time since last request: 0.000046 seconds.
  path: Assets/Prefabs/Kura 2.prefab
  artifactKey: Guid(5f73ee310bfd0894f9621e14b3f5a1e4) Importer(815301076,1909f56bfc062723c751e8b465ee728b)
Start importing Assets/Prefabs/Kura 2.prefab using Guid(5f73ee310bfd0894f9621e14b3f5a1e4) Importer(815301076,1909f56bfc062723c751e8b465ee728b)  -> (artifact id: '3bb7849b5005db2089f0b3a544c9b081') in 0.014358 seconds 
========================================================================
Received Prepare
Registering precompiled user dll's ...
Registered in 0.007713 seconds.
Begin MonoManager ReloadAssembly
Symbol file LoadedFromMemory doesn't match image C:\Users\Vlady\OneDrive\Документы\GitHub\Uniti_lb\Unity_ld_3.1\My project\Library\PackageCache\com.unity.visualscripting@1.8.0\Editor\VisualScripting.Core\Dependencies\YamlDotNet\Unity.VisualScripting.YamlDotNet.dll
Symbol file LoadedFromMemory doesn't match image C:\Users\Vlady\OneDrive\Документы\GitHub\Uniti_lb\Unity_ld_3.1\My project\Library\PackageCache\com.unity.visualscripting@1.8.0\Editor\VisualScripting.Core\Dependencies\DotNetZip\Unity.VisualScripting.IonicZip.dll
Native extension for WindowsStandalone target not found
Native extension for Android target not found
Native extension for WebGL target not found
Refreshing native plugins compatible for Editor in 0.61 ms, found 3 plugins.
Preloading 0 native plugins for Editor in 0.00 ms.
Mono: successfully reloaded assembly
- Completed reload, in  0.966 seconds
Domain Reload Profiling:
	ReloadAssembly (967ms)
		BeginReloadAssembly (135ms)
			ExecutionOrderSort (0ms)
			DisableScriptedObjects (4ms)
			BackupInstance (0ms)
			ReleaseScriptingObjects (0ms)
			CreateAndSetChildDomain (35ms)
		EndReloadAssembly (739ms)
			LoadAssemblies (91ms)
			RebuildTransferFunctionScriptingTraits (0ms)
			SetupTypeCache (246ms)
			ReleaseScriptCaches (1ms)
			RebuildScriptCaches (36ms)
			SetupLoadedEditorAssemblies (325ms)
				LogAssemblyErrors (0ms)
				InitializePlatformSupportModulesInManaged (17ms)
				SetLoadedEditorAssemblies (0ms)
				RefreshPlugins (1ms)
				BeforeProcessingInitializeOnLoad (64ms)
				ProcessInitializeOnLoadAttributes (220ms)
				ProcessInitializeOnLoadMethodAttributes (16ms)
				AfterProcessingInitializeOnLoad (7ms)
				EditorAssembliesLoaded (0ms)
			ExecutionOrderSort2 (0ms)
			AwakeInstancesAfterBackupRestoration (5ms)
Platform modules already initialized, skipping
Refreshing native plugins compatible for Editor in 1.96 ms, found 3 plugins.
Preloading 0 native plugins for Editor in 0.00 ms.
Unloading 3081 Unused Serialized files (Serialized files now loaded: 0)
Unloading 27 unused Assets / (80.1 KB). Loaded Objects now: 3559.
Memory consumption went from 127.1 MB to 127.1 MB.
Total: 3.235100 ms (FindLiveObjects: 0.344400 ms CreateObjectMapping: 0.141600 ms MarkObjects: 2.619600 ms  DeleteObjects: 0.127800 ms)

AssetImportParameters requested are different than current active one (requested -> active):
  custom:video-decoder-ogg-theora: a1e56fd34408186e4bbccfd4996cb3dc -> 
  custom:container-muxer-webm: aa71ff27fc2769a1b78a27578f13a17b -> 
  custom:container-demuxer-webm: 4f35f7cbe854078d1ac9338744f61a02 -> 
  custom:video-encoder-webm-vp8: eb34c28f22e8b96e1ab97ce403110664 -> 
  custom:audio-encoder-webm-vorbis: bf7c407c2cedff20999df2af8eb42d56 -> 
  custom:framework-win-MediaFoundation: 216162199b28c13a410421893ffa2e32 -> 
  custom:container-demuxer-ogg: 62fdf1f143b41e24485cea50d1cbac27 -> 
  custom:video-decoder-webm-vp8: 9c59270c3fd7afecdb556c50c9e8de78 -> 
  custom:audio-decoder-ogg-vorbis: bf7c407c2cedff20999df2af8eb42d56 -> 
